{"C:\\Users\\rebek\\OneDrive\\Dokumenti\\1LETNIK_MAG\\RIRS\\RIRS-individual\\RIRS\\frontend\\src\\components\\Dashboard.js": {"path":"C:\\Users\\rebek\\OneDrive\\Dokumenti\\1LETNIK_MAG\\RIRS\\RIRS-individual\\RIRS\\frontend\\src\\components\\Dashboard.js","statementMap":{"0":{"start":{"line":23,"column":18},"end":{"line":154,"column":1}},"1":{"start":{"line":24,"column":34},"end":{"line":24,"column":46}},"2":{"start":{"line":25,"column":32},"end":{"line":25,"column":46}},"3":{"start":{"line":26,"column":42},"end":{"line":26,"column":54}},"4":{"start":{"line":28,"column":2},"end":{"line":40,"column":9}},"5":{"start":{"line":29,"column":30},"end":{"line":38,"column":5}},"6":{"start":{"line":30,"column":6},"end":{"line":37,"column":7}},"7":{"start":{"line":31,"column":21},"end":{"line":31,"column":44}},"8":{"start":{"line":32,"column":8},"end":{"line":32,"column":26}},"9":{"start":{"line":34,"column":8},"end":{"line":34,"column":62}},"10":{"start":{"line":36,"column":8},"end":{"line":36,"column":26}},"11":{"start":{"line":39,"column":4},"end":{"line":39,"column":24}},"12":{"start":{"line":42,"column":21},"end":{"line":48,"column":3}},"13":{"start":{"line":45,"column":8},"end":{"line":45,"column":57}},"14":{"start":{"line":45,"column":39},"end":{"line":45,"column":56}},"15":{"start":{"line":50,"column":27},"end":{"line":54,"column":14}},"16":{"start":{"line":52,"column":8},"end":{"line":52,"column":75}},"17":{"start":{"line":52,"column":40},"end":{"line":52,"column":74}},"18":{"start":{"line":56,"column":2},"end":{"line":61,"column":6}},"19":{"start":{"line":57,"column":4},"end":{"line":61,"column":6}},"20":{"start":{"line":63,"column":2},"end":{"line":153,"column":4}},"21":{"start":{"line":96,"column":29},"end":{"line":96,"column":60}},"22":{"start":{"line":103,"column":14},"end":{"line":105,"column":25}},"23":{"start":{"line":128,"column":14},"end":{"line":147,"column":18}},"24":{"start":{"line":130,"column":18},"end":{"line":130,"column":74}},"25":{"start":{"line":133,"column":18},"end":{"line":146,"column":29}}},"fnMap":{"0":{"name":"(anonymous_0)","decl":{"start":{"line":23,"column":18},"end":{"line":23,"column":19}},"loc":{"start":{"line":23,"column":24},"end":{"line":154,"column":1}},"line":23},"1":{"name":"(anonymous_1)","decl":{"start":{"line":28,"column":12},"end":{"line":28,"column":13}},"loc":{"start":{"line":28,"column":18},"end":{"line":40,"column":3}},"line":28},"2":{"name":"(anonymous_2)","decl":{"start":{"line":29,"column":30},"end":{"line":29,"column":31}},"loc":{"start":{"line":29,"column":42},"end":{"line":38,"column":5}},"line":29},"3":{"name":"(anonymous_3)","decl":{"start":{"line":44,"column":23},"end":{"line":44,"column":24}},"loc":{"start":{"line":45,"column":8},"end":{"line":45,"column":57}},"line":45},"4":{"name":"(anonymous_4)","decl":{"start":{"line":45,"column":28},"end":{"line":45,"column":29}},"loc":{"start":{"line":45,"column":39},"end":{"line":45,"column":56}},"line":45},"5":{"name":"(anonymous_5)","decl":{"start":{"line":51,"column":22},"end":{"line":51,"column":23}},"loc":{"start":{"line":52,"column":8},"end":{"line":52,"column":75}},"line":52},"6":{"name":"(anonymous_6)","decl":{"start":{"line":52,"column":29},"end":{"line":52,"column":30}},"loc":{"start":{"line":52,"column":40},"end":{"line":52,"column":74}},"line":52},"7":{"name":"(anonymous_7)","decl":{"start":{"line":96,"column":22},"end":{"line":96,"column":23}},"loc":{"start":{"line":96,"column":29},"end":{"line":96,"column":60}},"line":96},"8":{"name":"(anonymous_8)","decl":{"start":{"line":102,"column":28},"end":{"line":102,"column":29}},"loc":{"start":{"line":103,"column":14},"end":{"line":105,"column":25}},"line":103},"9":{"name":"(anonymous_9)","decl":{"start":{"line":127,"column":34},"end":{"line":127,"column":35}},"loc":{"start":{"line":128,"column":14},"end":{"line":147,"column":18}},"line":128},"10":{"name":"(anonymous_10)","decl":{"start":{"line":129,"column":24},"end":{"line":129,"column":25}},"loc":{"start":{"line":130,"column":18},"end":{"line":130,"column":74}},"line":130},"11":{"name":"(anonymous_11)","decl":{"start":{"line":132,"column":21},"end":{"line":132,"column":22}},"loc":{"start":{"line":133,"column":18},"end":{"line":146,"column":29}},"line":133}},"branchMap":{"0":{"loc":{"start":{"line":50,"column":27},"end":{"line":54,"column":14}},"type":"cond-expr","locations":[{"start":{"line":51,"column":6},"end":{"line":53,"column":7}},{"start":{"line":54,"column":6},"end":{"line":54,"column":14}}],"line":50},"1":{"loc":{"start":{"line":56,"column":2},"end":{"line":61,"column":6}},"type":"if","locations":[{"start":{"line":56,"column":2},"end":{"line":61,"column":6}},{"start":{},"end":{}}],"line":56},"2":{"loc":{"start":{"line":130,"column":18},"end":{"line":130,"column":74}},"type":"cond-expr","locations":[{"start":{"line":130,"column":33},"end":{"line":130,"column":67}},{"start":{"line":130,"column":70},"end":{"line":130,"column":74}}],"line":130}},"s":{"0":1,"1":6,"2":6,"3":6,"4":6,"5":3,"6":3,"7":3,"8":3,"9":0,"10":3,"11":3,"12":6,"13":3,"14":3,"15":6,"16":0,"17":0,"18":6,"19":3,"20":3,"21":0,"22":3,"23":3,"24":3,"25":3},"f":{"0":6,"1":3,"2":3,"3":3,"4":3,"5":0,"6":0,"7":0,"8":3,"9":3,"10":3,"11":3},"b":{"0":[0,6],"1":[3,3],"2":[0,3]},"_coverageSchema":"1a1c01bbd47fc00a2c39e90264f33305004495a9","hash":"45733ddc65498e41c3ce589262da6fa27db6d15b"}
,"C:\\Users\\rebek\\OneDrive\\Dokumenti\\1LETNIK_MAG\\RIRS\\RIRS-individual\\RIRS\\frontend\\src\\components\\LeavesTable.js": {"path":"C:\\Users\\rebek\\OneDrive\\Dokumenti\\1LETNIK_MAG\\RIRS\\RIRS-individual\\RIRS\\frontend\\src\\components\\LeavesTable.js","statementMap":{"0":{"start":{"line":21,"column":20},"end":{"line":129,"column":1}},"1":{"start":{"line":22,"column":30},"end":{"line":22,"column":42}},"2":{"start":{"line":23,"column":34},"end":{"line":23,"column":55}},"3":{"start":{"line":25,"column":29},"end":{"line":27,"column":3}},"4":{"start":{"line":26,"column":4},"end":{"line":26,"column":34}},"5":{"start":{"line":29,"column":27},"end":{"line":31,"column":3}},"6":{"start":{"line":30,"column":4},"end":{"line":30,"column":36}},"7":{"start":{"line":33,"column":25},"end":{"line":38,"column":3}},"8":{"start":{"line":35,"column":6},"end":{"line":37,"column":68}},"9":{"start":{"line":40,"column":23},"end":{"line":49,"column":4}},"10":{"start":{"line":41,"column":4},"end":{"line":47,"column":5}},"11":{"start":{"line":42,"column":6},"end":{"line":42,"column":55}},"12":{"start":{"line":43,"column":11},"end":{"line":47,"column":5}},"13":{"start":{"line":44,"column":6},"end":{"line":44,"column":51}},"14":{"start":{"line":45,"column":11},"end":{"line":47,"column":5}},"15":{"start":{"line":46,"column":6},"end":{"line":46,"column":56}},"16":{"start":{"line":48,"column":4},"end":{"line":48,"column":13}},"17":{"start":{"line":51,"column":2},"end":{"line":128,"column":4}},"18":{"start":{"line":109,"column":14},"end":{"line":122,"column":25}}},"fnMap":{"0":{"name":"(anonymous_0)","decl":{"start":{"line":21,"column":20},"end":{"line":21,"column":21}},"loc":{"start":{"line":21,"column":36},"end":{"line":129,"column":1}},"line":21},"1":{"name":"(anonymous_1)","decl":{"start":{"line":25,"column":29},"end":{"line":25,"column":30}},"loc":{"start":{"line":25,"column":40},"end":{"line":27,"column":3}},"line":25},"2":{"name":"(anonymous_2)","decl":{"start":{"line":29,"column":27},"end":{"line":29,"column":28}},"loc":{"start":{"line":29,"column":38},"end":{"line":31,"column":3}},"line":29},"3":{"name":"(anonymous_3)","decl":{"start":{"line":34,"column":4},"end":{"line":34,"column":5}},"loc":{"start":{"line":35,"column":6},"end":{"line":37,"column":68}},"line":35},"4":{"name":"(anonymous_4)","decl":{"start":{"line":40,"column":48},"end":{"line":40,"column":49}},"loc":{"start":{"line":40,"column":58},"end":{"line":49,"column":3}},"line":40},"5":{"name":"(anonymous_5)","decl":{"start":{"line":108,"column":30},"end":{"line":108,"column":31}},"loc":{"start":{"line":109,"column":14},"end":{"line":122,"column":25}},"line":109}},"branchMap":{"0":{"loc":{"start":{"line":35,"column":6},"end":{"line":37,"column":68}},"type":"binary-expr","locations":[{"start":{"line":35,"column":6},"end":{"line":35,"column":60}},{"start":{"line":36,"column":6},"end":{"line":36,"column":64}},{"start":{"line":37,"column":6},"end":{"line":37,"column":68}}],"line":35},"1":{"loc":{"start":{"line":41,"column":4},"end":{"line":47,"column":5}},"type":"if","locations":[{"start":{"line":41,"column":4},"end":{"line":47,"column":5}},{"start":{"line":43,"column":11},"end":{"line":47,"column":5}}],"line":41},"2":{"loc":{"start":{"line":43,"column":11},"end":{"line":47,"column":5}},"type":"if","locations":[{"start":{"line":43,"column":11},"end":{"line":47,"column":5}},{"start":{"line":45,"column":11},"end":{"line":47,"column":5}}],"line":43},"3":{"loc":{"start":{"line":45,"column":11},"end":{"line":47,"column":5}},"type":"if","locations":[{"start":{"line":45,"column":11},"end":{"line":47,"column":5}},{"start":{},"end":{}}],"line":45}},"s":{"0":1,"1":2,"2":2,"3":2,"4":0,"5":2,"6":0,"7":2,"8":3,"9":2,"10":1,"11":1,"12":0,"13":0,"14":0,"15":0,"16":0,"17":2,"18":3},"f":{"0":2,"1":0,"2":0,"3":3,"4":1,"5":3},"b":{"0":[3,0,0],"1":[1,0],"2":[0,0],"3":[0,0]},"_coverageSchema":"1a1c01bbd47fc00a2c39e90264f33305004495a9","hash":"4386d0ec4571d30ecb269403d307c938d8483abc"}
,"C:\\Users\\rebek\\OneDrive\\Dokumenti\\1LETNIK_MAG\\RIRS\\RIRS-individual\\RIRS\\frontend\\src\\components\\RequestForm.js": {"path":"C:\\Users\\rebek\\OneDrive\\Dokumenti\\1LETNIK_MAG\\RIRS\\RIRS-individual\\RIRS\\frontend\\src\\components\\RequestForm.js","statementMap":{"0":{"start":{"line":15,"column":20},"end":{"line":209,"column":1}},"1":{"start":{"line":16,"column":32},"end":{"line":18,"column":4}},"2":{"start":{"line":19,"column":46},"end":{"line":19,"column":58}},"3":{"start":{"line":20,"column":42},"end":{"line":20,"column":57}},"4":{"start":{"line":21,"column":42},"end":{"line":21,"column":54}},"5":{"start":{"line":23,"column":29},"end":{"line":28,"column":3}},"6":{"start":{"line":24,"column":28},"end":{"line":24,"column":36}},"7":{"start":{"line":25,"column":23},"end":{"line":25,"column":35}},"8":{"start":{"line":26,"column":4},"end":{"line":26,"column":36}},"9":{"start":{"line":27,"column":4},"end":{"line":27,"column":27}},"10":{"start":{"line":30,"column":20},"end":{"line":35,"column":3}},"11":{"start":{"line":31,"column":4},"end":{"line":34,"column":7}},"12":{"start":{"line":31,"column":32},"end":{"line":34,"column":5}},"13":{"start":{"line":37,"column":23},"end":{"line":40,"column":3}},"14":{"start":{"line":38,"column":23},"end":{"line":38,"column":60}},"15":{"start":{"line":38,"column":48},"end":{"line":38,"column":59}},"16":{"start":{"line":39,"column":4},"end":{"line":39,"column":27}},"17":{"start":{"line":42,"column":23},"end":{"line":69,"column":3}},"18":{"start":{"line":43,"column":4},"end":{"line":43,"column":23}},"19":{"start":{"line":46,"column":25},"end":{"line":48,"column":5}},"20":{"start":{"line":47,"column":18},"end":{"line":47,"column":71}},"21":{"start":{"line":50,"column":4},"end":{"line":55,"column":5}},"22":{"start":{"line":51,"column":6},"end":{"line":51,"column":64}},"23":{"start":{"line":52,"column":6},"end":{"line":52,"column":13}},"24":{"start":{"line":54,"column":6},"end":{"line":54,"column":26}},"25":{"start":{"line":57,"column":4},"end":{"line":68,"column":5}},"26":{"start":{"line":58,"column":23},"end":{"line":58,"column":56}},"27":{"start":{"line":60,"column":6},"end":{"line":64,"column":7}},"28":{"start":{"line":61,"column":8},"end":{"line":61,"column":61}},"29":{"start":{"line":62,"column":8},"end":{"line":62,"column":30}},"30":{"start":{"line":63,"column":8},"end":{"line":63,"column":74}},"31":{"start":{"line":66,"column":6},"end":{"line":66,"column":52}},"32":{"start":{"line":67,"column":6},"end":{"line":67,"column":28}},"33":{"start":{"line":71,"column":30},"end":{"line":73,"column":3}},"34":{"start":{"line":72,"column":4},"end":{"line":72,"column":27}},"35":{"start":{"line":75,"column":2},"end":{"line":208,"column":4}},"36":{"start":{"line":92,"column":10},"end":{"line":163,"column":16}},"37":{"start":{"line":111,"column":29},"end":{"line":111,"column":48}},"38":{"start":{"line":123,"column":31},"end":{"line":123,"column":59}},"39":{"start":{"line":132,"column":31},"end":{"line":132,"column":59}},"40":{"start":{"line":148,"column":31},"end":{"line":148,"column":59}},"41":{"start":{"line":159,"column":31},"end":{"line":159,"column":59}}},"fnMap":{"0":{"name":"(anonymous_0)","decl":{"start":{"line":15,"column":20},"end":{"line":15,"column":21}},"loc":{"start":{"line":15,"column":26},"end":{"line":209,"column":1}},"line":15},"1":{"name":"(anonymous_1)","decl":{"start":{"line":23,"column":29},"end":{"line":23,"column":30}},"loc":{"start":{"line":23,"column":43},"end":{"line":28,"column":3}},"line":23},"2":{"name":"(anonymous_2)","decl":{"start":{"line":30,"column":20},"end":{"line":30,"column":21}},"loc":{"start":{"line":30,"column":26},"end":{"line":35,"column":3}},"line":30},"3":{"name":"(anonymous_3)","decl":{"start":{"line":31,"column":15},"end":{"line":31,"column":16}},"loc":{"start":{"line":31,"column":32},"end":{"line":34,"column":5}},"line":31},"4":{"name":"(anonymous_4)","decl":{"start":{"line":37,"column":23},"end":{"line":37,"column":24}},"loc":{"start":{"line":37,"column":34},"end":{"line":40,"column":3}},"line":37},"5":{"name":"(anonymous_5)","decl":{"start":{"line":38,"column":38},"end":{"line":38,"column":39}},"loc":{"start":{"line":38,"column":48},"end":{"line":38,"column":59}},"line":38},"6":{"name":"(anonymous_6)","decl":{"start":{"line":42,"column":23},"end":{"line":42,"column":24}},"loc":{"start":{"line":42,"column":36},"end":{"line":69,"column":3}},"line":42},"7":{"name":"(anonymous_7)","decl":{"start":{"line":47,"column":6},"end":{"line":47,"column":7}},"loc":{"start":{"line":47,"column":18},"end":{"line":47,"column":71}},"line":47},"8":{"name":"(anonymous_8)","decl":{"start":{"line":71,"column":30},"end":{"line":71,"column":31}},"loc":{"start":{"line":71,"column":36},"end":{"line":73,"column":3}},"line":71},"9":{"name":"(anonymous_9)","decl":{"start":{"line":91,"column":21},"end":{"line":91,"column":22}},"loc":{"start":{"line":92,"column":10},"end":{"line":163,"column":16}},"line":92},"10":{"name":"(anonymous_10)","decl":{"start":{"line":111,"column":23},"end":{"line":111,"column":24}},"loc":{"start":{"line":111,"column":29},"end":{"line":111,"column":48}},"line":111},"11":{"name":"(anonymous_11)","decl":{"start":{"line":123,"column":24},"end":{"line":123,"column":25}},"loc":{"start":{"line":123,"column":31},"end":{"line":123,"column":59}},"line":123},"12":{"name":"(anonymous_12)","decl":{"start":{"line":132,"column":24},"end":{"line":132,"column":25}},"loc":{"start":{"line":132,"column":31},"end":{"line":132,"column":59}},"line":132},"13":{"name":"(anonymous_13)","decl":{"start":{"line":148,"column":24},"end":{"line":148,"column":25}},"loc":{"start":{"line":148,"column":31},"end":{"line":148,"column":59}},"line":148},"14":{"name":"(anonymous_14)","decl":{"start":{"line":159,"column":24},"end":{"line":159,"column":25}},"loc":{"start":{"line":159,"column":31},"end":{"line":159,"column":59}},"line":159}},"branchMap":{"0":{"loc":{"start":{"line":50,"column":4},"end":{"line":55,"column":5}},"type":"if","locations":[{"start":{"line":50,"column":4},"end":{"line":55,"column":5}},{"start":{"line":53,"column":11},"end":{"line":55,"column":5}}],"line":50},"1":{"loc":{"start":{"line":60,"column":6},"end":{"line":64,"column":7}},"type":"if","locations":[{"start":{"line":60,"column":6},"end":{"line":64,"column":7}},{"start":{},"end":{}}],"line":60},"2":{"loc":{"start":{"line":166,"column":9},"end":{"line":170,"column":9}},"type":"binary-expr","locations":[{"start":{"line":166,"column":9},"end":{"line":166,"column":21}},{"start":{"line":167,"column":10},"end":{"line":169,"column":23}}],"line":166},"3":{"loc":{"start":{"line":202,"column":20},"end":{"line":202,"column":56}},"type":"cond-expr","locations":[{"start":{"line":202,"column":37},"end":{"line":202,"column":46}},{"start":{"line":202,"column":49},"end":{"line":202,"column":56}}],"line":202},"4":{"loc":{"start":{"line":204,"column":11},"end":{"line":204,"column":55}},"type":"binary-expr","locations":[{"start":{"line":204,"column":11},"end":{"line":204,"column":25}},{"start":{"line":204,"column":29},"end":{"line":204,"column":55}}],"line":204}},"s":{"0":1,"1":25,"2":24,"3":24,"4":24,"5":24,"6":13,"7":13,"8":13,"9":13,"10":24,"11":2,"12":2,"13":24,"14":1,"15":2,"16":1,"17":24,"18":2,"19":2,"20":2,"21":2,"22":1,"23":1,"24":1,"25":1,"26":1,"27":1,"28":1,"29":1,"30":1,"31":0,"32":0,"33":24,"34":0,"35":24,"36":26,"37":1,"38":8,"39":1,"40":2,"41":2},"f":{"0":25,"1":13,"2":2,"3":2,"4":1,"5":2,"6":2,"7":2,"8":0,"9":26,"10":1,"11":8,"12":1,"13":2,"14":2},"b":{"0":[1,1],"1":[1,0],"2":[24,1],"3":[2,22],"4":[24,22]},"_coverageSchema":"1a1c01bbd47fc00a2c39e90264f33305004495a9","hash":"a2c839e0ff6237b52abd9b64bee36a7e1a337698"}
}
