TN:
SF:src\components\Dashboard.js
FN:24,(anonymous_0)
FN:29,(anonymous_1)
FN:30,(anonymous_2)
FN:46,(anonymous_3)
FN:47,(anonymous_4)
FN:53,(anonymous_5)
FN:54,(anonymous_6)
FN:65,(anonymous_7)
FN:74,(anonymous_8)
FN:75,(anonymous_9)
FN:77,(anonymous_10)
FN:119,(anonymous_11)
FN:125,(anonymous_12)
FN:153,(anonymous_13)
FN:155,(anonymous_14)
FN:158,(anonymous_15)
FN:177,(anonymous_16)
FNF:17
FNH:14
FNDA:12,(anonymous_0)
FNDA:5,(anonymous_1)
FNDA:5,(anonymous_2)
FNDA:7,(anonymous_3)
FNDA:5,(anonymous_4)
FNDA:0,(anonymous_5)
FNDA:0,(anonymous_6)
FNDA:2,(anonymous_7)
FNDA:2,(anonymous_8)
FNDA:2,(anonymous_9)
FNDA:2,(anonymous_10)
FNDA:0,(anonymous_11)
FNDA:5,(anonymous_12)
FNDA:7,(anonymous_13)
FNDA:5,(anonymous_14)
FNDA:5,(anonymous_15)
FNDA:2,(anonymous_16)
DA:24,1
DA:25,12
DA:26,12
DA:27,12
DA:29,12
DA:30,5
DA:31,5
DA:32,5
DA:33,5
DA:34,5
DA:36,0
DA:38,5
DA:41,5
DA:44,12
DA:47,7
DA:52,12
DA:54,0
DA:58,12
DA:59,5
DA:65,7
DA:66,2
DA:67,0
DA:68,0
DA:70,2
DA:71,2
DA:72,2
DA:73,2
DA:74,2
DA:75,2
DA:77,2
DA:81,0
DA:82,0
DA:86,7
DA:119,0
DA:126,5
DA:154,7
DA:156,5
DA:159,5
DA:177,2
LF:39
LH:32
BRDA:52,0,0,0
BRDA:52,0,1,12
BRDA:58,1,0,5
BRDA:58,1,1,7
BRDA:66,2,0,0
BRDA:66,2,1,2
BRDA:70,3,0,2
BRDA:70,3,1,0
BRDA:156,4,0,0
BRDA:156,4,1,5
BRF:10
BRH:6
end_of_record
TN:
SF:src\components\LeavesTable.js
FN:21,(anonymous_0)
FN:25,(anonymous_1)
FN:29,(anonymous_2)
FN:34,(anonymous_3)
FN:40,(anonymous_4)
FN:108,(anonymous_5)
FNF:6
FNH:4
FNDA:2,(anonymous_0)
FNDA:0,(anonymous_1)
FNDA:0,(anonymous_2)
FNDA:3,(anonymous_3)
FNDA:1,(anonymous_4)
FNDA:3,(anonymous_5)
DA:21,1
DA:22,2
DA:23,2
DA:25,2
DA:26,0
DA:29,2
DA:30,0
DA:33,2
DA:35,3
DA:40,2
DA:41,1
DA:42,1
DA:43,0
DA:44,0
DA:45,0
DA:46,0
DA:48,0
DA:51,2
DA:109,3
LF:19
LH:12
BRDA:35,0,0,3
BRDA:35,0,1,0
BRDA:35,0,2,0
BRDA:41,1,0,1
BRDA:41,1,1,0
BRDA:43,2,0,0
BRDA:43,2,1,0
BRDA:45,3,0,0
BRDA:45,3,1,0
BRF:9
BRH:2
end_of_record
TN:
SF:src\components\RequestForm.js
FN:15,(anonymous_0)
FN:23,(anonymous_1)
FN:30,(anonymous_2)
FN:31,(anonymous_3)
FN:37,(anonymous_4)
FN:38,(anonymous_5)
FN:42,(anonymous_6)
FN:47,(anonymous_7)
FN:71,(anonymous_8)
FN:91,(anonymous_9)
FN:111,(anonymous_10)
FN:123,(anonymous_11)
FN:132,(anonymous_12)
FN:148,(anonymous_13)
FN:159,(anonymous_14)
FNF:15
FNH:14
FNDA:25,(anonymous_0)
FNDA:13,(anonymous_1)
FNDA:2,(anonymous_2)
FNDA:2,(anonymous_3)
FNDA:1,(anonymous_4)
FNDA:2,(anonymous_5)
FNDA:2,(anonymous_6)
FNDA:2,(anonymous_7)
FNDA:0,(anonymous_8)
FNDA:26,(anonymous_9)
FNDA:1,(anonymous_10)
FNDA:8,(anonymous_11)
FNDA:1,(anonymous_12)
FNDA:2,(anonymous_13)
FNDA:2,(anonymous_14)
DA:15,1
DA:16,25
DA:19,24
DA:20,24
DA:21,24
DA:23,24
DA:24,13
DA:25,13
DA:26,13
DA:27,13
DA:30,24
DA:31,2
DA:37,24
DA:38,2
DA:39,1
DA:42,24
DA:43,2
DA:46,2
DA:47,2
DA:50,2
DA:51,1
DA:52,1
DA:54,1
DA:57,1
DA:58,1
DA:60,1
DA:61,1
DA:62,1
DA:63,1
DA:66,0
DA:67,0
DA:71,24
DA:72,0
DA:75,24
DA:92,26
DA:111,1
DA:123,8
DA:132,1
DA:148,2
DA:159,2
LF:40
LH:37
BRDA:50,0,0,1
BRDA:50,0,1,1
BRDA:60,1,0,1
BRDA:60,1,1,0
BRDA:166,2,0,24
BRDA:166,2,1,1
BRDA:202,3,0,2
BRDA:202,3,1,22
BRDA:204,4,0,24
BRDA:204,4,1,22
BRF:10
BRH:9
end_of_record
