{"C:\\Users\\rebek\\OneDrive\\Dokumenti\\1LETNIK_MAG\\RIRS\\RIRS-individual\\RIRS\\backend\\db.js": {"path":"C:\\Users\\rebek\\OneDrive\\Dokumenti\\1LETNIK_MAG\\RIRS\\RIRS-individual\\RIRS\\backend\\db.js","statementMap":{"0":{"start":{"line":1,"column":14},"end":{"line":1,"column":31}},"1":{"start":{"line":2,"column":15},"end":{"line":2,"column":32}},"2":{"start":{"line":4,"column":0},"end":{"line":4,"column":16}},"3":{"start":{"line":5,"column":0},"end":{"line":5,"column":33}},"4":{"start":{"line":6,"column":11},"end":{"line":12,"column":2}},"5":{"start":{"line":14,"column":0},"end":{"line":20,"column":3}},"6":{"start":{"line":15,"column":2},"end":{"line":19,"column":3}},"7":{"start":{"line":16,"column":4},"end":{"line":16,"column":62}},"8":{"start":{"line":18,"column":4},"end":{"line":18,"column":47}},"9":{"start":{"line":22,"column":0},"end":{"line":22,"column":20}}},"fnMap":{"0":{"name":"(anonymous_0)","decl":{"start":{"line":14,"column":11},"end":{"line":14,"column":12}},"loc":{"start":{"line":14,"column":20},"end":{"line":20,"column":1}},"line":14}},"branchMap":{"0":{"loc":{"start":{"line":15,"column":2},"end":{"line":19,"column":3}},"type":"if","locations":[{"start":{"line":15,"column":2},"end":{"line":19,"column":3}},{"start":{"line":17,"column":9},"end":{"line":19,"column":3}}],"line":15}},"s":{"0":2,"1":2,"2":2,"3":2,"4":2,"5":2,"6":2,"7":0,"8":2,"9":2},"f":{"0":2},"b":{"0":[0,2]},"_coverageSchema":"1a1c01bbd47fc00a2c39e90264f33305004495a9","hash":"e0f83f8bcaf3f2683a37322cf44d845aeeb6f52f"}
,"C:\\Users\\rebek\\OneDrive\\Dokumenti\\1LETNIK_MAG\\RIRS\\RIRS-individual\\RIRS\\backend\\server.js": {"path":"C:\\Users\\rebek\\OneDrive\\Dokumenti\\1LETNIK_MAG\\RIRS\\RIRS-individual\\RIRS\\backend\\server.js","statementMap":{"0":{"start":{"line":1,"column":16},"end":{"line":1,"column":34}},"1":{"start":{"line":2,"column":13},"end":{"line":2,"column":28}},"2":{"start":{"line":3,"column":15},"end":{"line":3,"column":32}},"3":{"start":{"line":4,"column":19},"end":{"line":4,"column":49}},"4":{"start":{"line":5,"column":22},"end":{"line":5,"column":55}},"5":{"start":{"line":6,"column":0},"end":{"line":6,"column":16}},"6":{"start":{"line":8,"column":12},"end":{"line":8,"column":21}},"7":{"start":{"line":10,"column":0},"end":{"line":15,"column":2}},"8":{"start":{"line":16,"column":0},"end":{"line":16,"column":24}},"9":{"start":{"line":19,"column":0},"end":{"line":19,"column":34}},"10":{"start":{"line":20,"column":0},"end":{"line":20,"column":40}},"11":{"start":{"line":22,"column":0},"end":{"line":22,"column":21}},"12":{"start":{"line":24,"column":0},"end":{"line":29,"column":1}},"13":{"start":{"line":25,"column":15},"end":{"line":25,"column":40}},"14":{"start":{"line":26,"column":2},"end":{"line":28,"column":5}},"15":{"start":{"line":27,"column":4},"end":{"line":27,"column":53}}},"fnMap":{"0":{"name":"(anonymous_0)","decl":{"start":{"line":26,"column":19},"end":{"line":26,"column":20}},"loc":{"start":{"line":26,"column":25},"end":{"line":28,"column":3}},"line":26}},"branchMap":{"0":{"loc":{"start":{"line":24,"column":0},"end":{"line":29,"column":1}},"type":"if","locations":[{"start":{"line":24,"column":0},"end":{"line":29,"column":1}},{"start":{},"end":{}}],"line":24},"1":{"loc":{"start":{"line":25,"column":15},"end":{"line":25,"column":40}},"type":"binary-expr","locations":[{"start":{"line":25,"column":15},"end":{"line":25,"column":31}},{"start":{"line":25,"column":35},"end":{"line":25,"column":40}}],"line":25}},"s":{"0":2,"1":2,"2":2,"3":2,"4":2,"5":2,"6":2,"7":2,"8":2,"9":2,"10":2,"11":2,"12":2,"13":0,"14":0,"15":0},"f":{"0":0},"b":{"0":[0,2],"1":[0,0]},"_coverageSchema":"1a1c01bbd47fc00a2c39e90264f33305004495a9","hash":"4935b500c1cecea85f68d623205b7dba59991e4c"}
,"C:\\Users\\rebek\\OneDrive\\Dokumenti\\1LETNIK_MAG\\RIRS\\RIRS-individual\\RIRS\\backend\\controllers\\requestController.js": {"path":"C:\\Users\\rebek\\OneDrive\\Dokumenti\\1LETNIK_MAG\\RIRS\\RIRS-individual\\RIRS\\backend\\controllers\\requestController.js","statementMap":{"0":{"start":{"line":1,"column":16},"end":{"line":1,"column":49}},"1":{"start":{"line":3,"column":0},"end":{"line":10,"column":2}},"2":{"start":{"line":4,"column":2},"end":{"line":9,"column":5}},"3":{"start":{"line":5,"column":4},"end":{"line":7,"column":5}},"4":{"start":{"line":6,"column":6},"end":{"line":6,"column":78}},"5":{"start":{"line":8,"column":4},"end":{"line":8,"column":34}},"6":{"start":{"line":12,"column":0},"end":{"line":34,"column":2}},"7":{"start":{"line":13,"column":25},"end":{"line":13,"column":33}},"8":{"start":{"line":15,"column":2},"end":{"line":19,"column":3}},"9":{"start":{"line":16,"column":4},"end":{"line":18,"column":63}},"10":{"start":{"line":21,"column":2},"end":{"line":33,"column":5}},"11":{"start":{"line":22,"column":4},"end":{"line":26,"column":5}},"12":{"start":{"line":23,"column":6},"end":{"line":25,"column":62}},"13":{"start":{"line":28,"column":4},"end":{"line":30,"column":5}},"14":{"start":{"line":29,"column":6},"end":{"line":29,"column":68}},"15":{"start":{"line":32,"column":4},"end":{"line":32,"column":77}},"16":{"start":{"line":36,"column":0},"end":{"line":78,"column":2}},"17":{"start":{"line":37,"column":2},"end":{"line":77,"column":3}},"18":{"start":{"line":38,"column":24},"end":{"line":38,"column":32}},"19":{"start":{"line":39,"column":19},"end":{"line":39,"column":29}},"20":{"start":{"line":41,"column":23},"end":{"line":46,"column":5}},"21":{"start":{"line":48,"column":4},"end":{"line":73,"column":7}},"22":{"start":{"line":49,"column":6},"end":{"line":52,"column":7}},"23":{"start":{"line":50,"column":8},"end":{"line":50,"column":56}},"24":{"start":{"line":51,"column":8},"end":{"line":51,"column":77}},"25":{"start":{"line":54,"column":24},"end":{"line":54,"column":39}},"26":{"start":{"line":56,"column":6},"end":{"line":70,"column":9}},"27":{"start":{"line":57,"column":27},"end":{"line":63,"column":9}},"28":{"start":{"line":65,"column":8},"end":{"line":69,"column":11}},"29":{"start":{"line":66,"column":10},"end":{"line":68,"column":11}},"30":{"start":{"line":67,"column":12},"end":{"line":67,"column":63}},"31":{"start":{"line":72,"column":6},"end":{"line":72,"column":72}},"32":{"start":{"line":75,"column":4},"end":{"line":75,"column":46}},"33":{"start":{"line":76,"column":4},"end":{"line":76,"column":67}},"34":{"start":{"line":79,"column":0},"end":{"line":88,"column":2}},"35":{"start":{"line":80,"column":2},"end":{"line":87,"column":5}},"36":{"start":{"line":81,"column":4},"end":{"line":85,"column":5}},"37":{"start":{"line":82,"column":6},"end":{"line":84,"column":64}},"38":{"start":{"line":86,"column":4},"end":{"line":86,"column":34}},"39":{"start":{"line":90,"column":0},"end":{"line":101,"column":2}},"40":{"start":{"line":91,"column":17},"end":{"line":91,"column":27}},"41":{"start":{"line":93,"column":2},"end":{"line":100,"column":5}},"42":{"start":{"line":94,"column":4},"end":{"line":98,"column":5}},"43":{"start":{"line":95,"column":6},"end":{"line":97,"column":65}},"44":{"start":{"line":99,"column":4},"end":{"line":99,"column":34}},"45":{"start":{"line":102,"column":0},"end":{"line":111,"column":2}},"46":{"start":{"line":103,"column":2},"end":{"line":110,"column":5}},"47":{"start":{"line":104,"column":4},"end":{"line":108,"column":5}},"48":{"start":{"line":105,"column":6},"end":{"line":107,"column":61}},"49":{"start":{"line":109,"column":4},"end":{"line":109,"column":34}}},"fnMap":{"0":{"name":"(anonymous_0)","decl":{"start":{"line":3,"column":32},"end":{"line":3,"column":33}},"loc":{"start":{"line":3,"column":46},"end":{"line":10,"column":1}},"line":3},"1":{"name":"(anonymous_1)","decl":{"start":{"line":4,"column":24},"end":{"line":4,"column":25}},"loc":{"start":{"line":4,"column":42},"end":{"line":9,"column":3}},"line":4},"2":{"name":"(anonymous_2)","decl":{"start":{"line":12,"column":30},"end":{"line":12,"column":31}},"loc":{"start":{"line":12,"column":44},"end":{"line":34,"column":1}},"line":12},"3":{"name":"(anonymous_3)","decl":{"start":{"line":21,"column":29},"end":{"line":21,"column":30}},"loc":{"start":{"line":21,"column":46},"end":{"line":33,"column":3}},"line":21},"4":{"name":"(anonymous_4)","decl":{"start":{"line":36,"column":24},"end":{"line":36,"column":25}},"loc":{"start":{"line":36,"column":38},"end":{"line":78,"column":1}},"line":36},"5":{"name":"(anonymous_5)","decl":{"start":{"line":48,"column":31},"end":{"line":48,"column":32}},"loc":{"start":{"line":48,"column":50},"end":{"line":73,"column":5}},"line":48},"6":{"name":"(anonymous_6)","decl":{"start":{"line":56,"column":22},"end":{"line":56,"column":23}},"loc":{"start":{"line":56,"column":34},"end":{"line":70,"column":7}},"line":56},"7":{"name":"(anonymous_7)","decl":{"start":{"line":65,"column":40},"end":{"line":65,"column":41}},"loc":{"start":{"line":65,"column":56},"end":{"line":69,"column":9}},"line":65},"8":{"name":"(anonymous_8)","decl":{"start":{"line":79,"column":23},"end":{"line":79,"column":24}},"loc":{"start":{"line":79,"column":37},"end":{"line":88,"column":1}},"line":79},"9":{"name":"(anonymous_9)","decl":{"start":{"line":80,"column":23},"end":{"line":80,"column":24}},"loc":{"start":{"line":80,"column":41},"end":{"line":87,"column":3}},"line":80},"10":{"name":"(anonymous_10)","decl":{"start":{"line":90,"column":28},"end":{"line":90,"column":29}},"loc":{"start":{"line":90,"column":42},"end":{"line":101,"column":1}},"line":90},"11":{"name":"(anonymous_11)","decl":{"start":{"line":93,"column":38},"end":{"line":93,"column":39}},"loc":{"start":{"line":93,"column":56},"end":{"line":100,"column":3}},"line":93},"12":{"name":"(anonymous_12)","decl":{"start":{"line":102,"column":30},"end":{"line":102,"column":31}},"loc":{"start":{"line":102,"column":44},"end":{"line":111,"column":1}},"line":102},"13":{"name":"(anonymous_13)","decl":{"start":{"line":103,"column":30},"end":{"line":103,"column":31}},"loc":{"start":{"line":103,"column":48},"end":{"line":110,"column":3}},"line":103}},"branchMap":{"0":{"loc":{"start":{"line":5,"column":4},"end":{"line":7,"column":5}},"type":"if","locations":[{"start":{"line":5,"column":4},"end":{"line":7,"column":5}},{"start":{},"end":{}}],"line":5},"1":{"loc":{"start":{"line":15,"column":2},"end":{"line":19,"column":3}},"type":"if","locations":[{"start":{"line":15,"column":2},"end":{"line":19,"column":3}},{"start":{},"end":{}}],"line":15},"2":{"loc":{"start":{"line":15,"column":6},"end":{"line":15,"column":20}},"type":"binary-expr","locations":[{"start":{"line":15,"column":6},"end":{"line":15,"column":9}},{"start":{"line":15,"column":13},"end":{"line":15,"column":20}}],"line":15},"3":{"loc":{"start":{"line":22,"column":4},"end":{"line":26,"column":5}},"type":"if","locations":[{"start":{"line":22,"column":4},"end":{"line":26,"column":5}},{"start":{},"end":{}}],"line":22},"4":{"loc":{"start":{"line":28,"column":4},"end":{"line":30,"column":5}},"type":"if","locations":[{"start":{"line":28,"column":4},"end":{"line":30,"column":5}},{"start":{},"end":{}}],"line":28},"5":{"loc":{"start":{"line":49,"column":6},"end":{"line":52,"column":7}},"type":"if","locations":[{"start":{"line":49,"column":6},"end":{"line":52,"column":7}},{"start":{},"end":{}}],"line":49},"6":{"loc":{"start":{"line":66,"column":10},"end":{"line":68,"column":11}},"type":"if","locations":[{"start":{"line":66,"column":10},"end":{"line":68,"column":11}},{"start":{},"end":{}}],"line":66},"7":{"loc":{"start":{"line":81,"column":4},"end":{"line":85,"column":5}},"type":"if","locations":[{"start":{"line":81,"column":4},"end":{"line":85,"column":5}},{"start":{},"end":{}}],"line":81},"8":{"loc":{"start":{"line":94,"column":4},"end":{"line":98,"column":5}},"type":"if","locations":[{"start":{"line":94,"column":4},"end":{"line":98,"column":5}},{"start":{},"end":{}}],"line":94},"9":{"loc":{"start":{"line":104,"column":4},"end":{"line":108,"column":5}},"type":"if","locations":[{"start":{"line":104,"column":4},"end":{"line":108,"column":5}},{"start":{},"end":{}}],"line":104}},"s":{"0":2,"1":2,"2":0,"3":0,"4":0,"5":0,"6":2,"7":2,"8":2,"9":0,"10":2,"11":2,"12":0,"13":2,"14":0,"15":2,"16":2,"17":1,"18":1,"19":1,"20":1,"21":1,"22":1,"23":0,"24":0,"25":1,"26":1,"27":1,"28":1,"29":1,"30":0,"31":1,"32":0,"33":0,"34":2,"35":1,"36":1,"37":0,"38":1,"39":2,"40":1,"41":1,"42":1,"43":0,"44":1,"45":2,"46":0,"47":0,"48":0,"49":0},"f":{"0":0,"1":0,"2":2,"3":2,"4":1,"5":1,"6":1,"7":1,"8":1,"9":1,"10":1,"11":1,"12":0,"13":0},"b":{"0":[0,0],"1":[0,2],"2":[2,2],"3":[0,2],"4":[0,2],"5":[0,1],"6":[0,1],"7":[0,1],"8":[0,1],"9":[0,0]},"_coverageSchema":"1a1c01bbd47fc00a2c39e90264f33305004495a9","hash":"87a9f12035de20097474e688d805e8013230f5ab"}
,"C:\\Users\\rebek\\OneDrive\\Dokumenti\\1LETNIK_MAG\\RIRS\\RIRS-individual\\RIRS\\backend\\controllers\\userController.js": {"path":"C:\\Users\\rebek\\OneDrive\\Dokumenti\\1LETNIK_MAG\\RIRS\\RIRS-individual\\RIRS\\backend\\controllers\\userController.js","statementMap":{"0":{"start":{"line":1,"column":15},"end":{"line":1,"column":34}},"1":{"start":{"line":2,"column":13},"end":{"line":2,"column":43}},"2":{"start":{"line":3,"column":12},"end":{"line":3,"column":35}},"3":{"start":{"line":5,"column":0},"end":{"line":27,"column":2}},"4":{"start":{"line":6,"column":19},"end":{"line":6,"column":27}},"5":{"start":{"line":7,"column":2},"end":{"line":26,"column":3}},"6":{"start":{"line":8,"column":25},"end":{"line":8,"column":66}},"7":{"start":{"line":9,"column":4},"end":{"line":11,"column":5}},"8":{"start":{"line":10,"column":6},"end":{"line":10,"column":70}},"9":{"start":{"line":13,"column":27},"end":{"line":13,"column":60}},"10":{"start":{"line":14,"column":20},"end":{"line":19,"column":6}},"11":{"start":{"line":21,"column":4},"end":{"line":23,"column":72}},"12":{"start":{"line":25,"column":4},"end":{"line":25,"column":54}},"13":{"start":{"line":29,"column":0},"end":{"line":45,"column":2}},"14":{"start":{"line":30,"column":2},"end":{"line":44,"column":3}},"15":{"start":{"line":31,"column":4},"end":{"line":40,"column":7}},"16":{"start":{"line":32,"column":6},"end":{"line":35,"column":7}},"17":{"start":{"line":33,"column":8},"end":{"line":33,"column":52}},"18":{"start":{"line":34,"column":8},"end":{"line":34,"column":77}},"19":{"start":{"line":36,"column":6},"end":{"line":38,"column":7}},"20":{"start":{"line":37,"column":8},"end":{"line":37,"column":67}},"21":{"start":{"line":39,"column":6},"end":{"line":39,"column":36}},"22":{"start":{"line":42,"column":4},"end":{"line":42,"column":44}},"23":{"start":{"line":43,"column":4},"end":{"line":43,"column":54}},"24":{"start":{"line":47,"column":0},"end":{"line":89,"column":2}},"25":{"start":{"line":48,"column":19},"end":{"line":48,"column":27}},"26":{"start":{"line":50,"column":2},"end":{"line":88,"column":3}},"27":{"start":{"line":51,"column":4},"end":{"line":84,"column":7}},"28":{"start":{"line":52,"column":6},"end":{"line":55,"column":7}},"29":{"start":{"line":53,"column":8},"end":{"line":53,"column":48}},"30":{"start":{"line":54,"column":8},"end":{"line":54,"column":65}},"31":{"start":{"line":57,"column":6},"end":{"line":59,"column":7}},"32":{"start":{"line":58,"column":8},"end":{"line":58,"column":72}},"33":{"start":{"line":61,"column":25},"end":{"line":61,"column":35}},"34":{"start":{"line":63,"column":22},"end":{"line":63,"column":72}},"35":{"start":{"line":65,"column":6},"end":{"line":67,"column":7}},"36":{"start":{"line":66,"column":8},"end":{"line":66,"column":72}},"37":{"start":{"line":69,"column":20},"end":{"line":79,"column":7}},"38":{"start":{"line":81,"column":6},"end":{"line":83,"column":77}},"39":{"start":{"line":86,"column":4},"end":{"line":86,"column":48}},"40":{"start":{"line":87,"column":4},"end":{"line":87,"column":54}},"41":{"start":{"line":91,"column":0},"end":{"line":103,"column":2}},"42":{"start":{"line":92,"column":2},"end":{"line":102,"column":3}},"43":{"start":{"line":93,"column":19},"end":{"line":93,"column":50}},"44":{"start":{"line":94,"column":4},"end":{"line":96,"column":5}},"45":{"start":{"line":95,"column":6},"end":{"line":95,"column":65}},"46":{"start":{"line":97,"column":40},"end":{"line":97,"column":46}},"47":{"start":{"line":98,"column":4},"end":{"line":98,"column":54}},"48":{"start":{"line":100,"column":4},"end":{"line":100,"column":49}},"49":{"start":{"line":101,"column":4},"end":{"line":101,"column":54}},"50":{"start":{"line":105,"column":0},"end":{"line":137,"column":2}},"51":{"start":{"line":106,"column":17},"end":{"line":106,"column":30}},"52":{"start":{"line":108,"column":2},"end":{"line":136,"column":3}},"53":{"start":{"line":109,"column":4},"end":{"line":132,"column":7}},"54":{"start":{"line":110,"column":6},"end":{"line":113,"column":7}},"55":{"start":{"line":111,"column":8},"end":{"line":111,"column":53}},"56":{"start":{"line":112,"column":8},"end":{"line":112,"column":76}},"57":{"start":{"line":114,"column":6},"end":{"line":116,"column":7}},"58":{"start":{"line":115,"column":8},"end":{"line":115,"column":67}},"59":{"start":{"line":118,"column":26},"end":{"line":118,"column":62}},"60":{"start":{"line":119,"column":6},"end":{"line":131,"column":9}},"61":{"start":{"line":120,"column":8},"end":{"line":125,"column":9}},"62":{"start":{"line":121,"column":10},"end":{"line":121,"column":64}},"63":{"start":{"line":122,"column":10},"end":{"line":124,"column":61}},"64":{"start":{"line":127,"column":8},"end":{"line":130,"column":11}},"65":{"start":{"line":134,"column":4},"end":{"line":134,"column":57}},"66":{"start":{"line":135,"column":4},"end":{"line":135,"column":54}}},"fnMap":{"0":{"name":"(anonymous_0)","decl":{"start":{"line":5,"column":23},"end":{"line":5,"column":24}},"loc":{"start":{"line":5,"column":43},"end":{"line":27,"column":1}},"line":5},"1":{"name":"(anonymous_1)","decl":{"start":{"line":29,"column":22},"end":{"line":29,"column":23}},"loc":{"start":{"line":29,"column":42},"end":{"line":45,"column":1}},"line":29},"2":{"name":"(anonymous_2)","decl":{"start":{"line":31,"column":16},"end":{"line":31,"column":17}},"loc":{"start":{"line":31,"column":34},"end":{"line":40,"column":5}},"line":31},"3":{"name":"(anonymous_3)","decl":{"start":{"line":47,"column":20},"end":{"line":47,"column":21}},"loc":{"start":{"line":47,"column":40},"end":{"line":89,"column":1}},"line":47},"4":{"name":"(anonymous_4)","decl":{"start":{"line":51,"column":33},"end":{"line":51,"column":34}},"loc":{"start":{"line":51,"column":59},"end":{"line":84,"column":5}},"line":51},"5":{"name":"(anonymous_5)","decl":{"start":{"line":91,"column":26},"end":{"line":91,"column":27}},"loc":{"start":{"line":91,"column":46},"end":{"line":103,"column":1}},"line":91},"6":{"name":"(anonymous_6)","decl":{"start":{"line":105,"column":29},"end":{"line":105,"column":30}},"loc":{"start":{"line":105,"column":49},"end":{"line":137,"column":1}},"line":105},"7":{"name":"(anonymous_7)","decl":{"start":{"line":109,"column":26},"end":{"line":109,"column":27}},"loc":{"start":{"line":109,"column":41},"end":{"line":132,"column":5}},"line":109},"8":{"name":"(anonymous_8)","decl":{"start":{"line":119,"column":39},"end":{"line":119,"column":40}},"loc":{"start":{"line":119,"column":54},"end":{"line":131,"column":7}},"line":119}},"branchMap":{"0":{"loc":{"start":{"line":9,"column":4},"end":{"line":11,"column":5}},"type":"if","locations":[{"start":{"line":9,"column":4},"end":{"line":11,"column":5}},{"start":{},"end":{}}],"line":9},"1":{"loc":{"start":{"line":32,"column":6},"end":{"line":35,"column":7}},"type":"if","locations":[{"start":{"line":32,"column":6},"end":{"line":35,"column":7}},{"start":{},"end":{}}],"line":32},"2":{"loc":{"start":{"line":36,"column":6},"end":{"line":38,"column":7}},"type":"if","locations":[{"start":{"line":36,"column":6},"end":{"line":38,"column":7}},{"start":{},"end":{}}],"line":36},"3":{"loc":{"start":{"line":36,"column":10},"end":{"line":36,"column":42}},"type":"binary-expr","locations":[{"start":{"line":36,"column":10},"end":{"line":36,"column":18}},{"start":{"line":36,"column":22},"end":{"line":36,"column":42}}],"line":36},"4":{"loc":{"start":{"line":52,"column":6},"end":{"line":55,"column":7}},"type":"if","locations":[{"start":{"line":52,"column":6},"end":{"line":55,"column":7}},{"start":{},"end":{}}],"line":52},"5":{"loc":{"start":{"line":57,"column":6},"end":{"line":59,"column":7}},"type":"if","locations":[{"start":{"line":57,"column":6},"end":{"line":59,"column":7}},{"start":{},"end":{}}],"line":57},"6":{"loc":{"start":{"line":65,"column":6},"end":{"line":67,"column":7}},"type":"if","locations":[{"start":{"line":65,"column":6},"end":{"line":67,"column":7}},{"start":{},"end":{}}],"line":65},"7":{"loc":{"start":{"line":94,"column":4},"end":{"line":96,"column":5}},"type":"if","locations":[{"start":{"line":94,"column":4},"end":{"line":96,"column":5}},{"start":{},"end":{}}],"line":94},"8":{"loc":{"start":{"line":110,"column":6},"end":{"line":113,"column":7}},"type":"if","locations":[{"start":{"line":110,"column":6},"end":{"line":113,"column":7}},{"start":{},"end":{}}],"line":110},"9":{"loc":{"start":{"line":114,"column":6},"end":{"line":116,"column":7}},"type":"if","locations":[{"start":{"line":114,"column":6},"end":{"line":116,"column":7}},{"start":{},"end":{}}],"line":114},"10":{"loc":{"start":{"line":118,"column":26},"end":{"line":118,"column":62}},"type":"cond-expr","locations":[{"start":{"line":118,"column":57},"end":{"line":118,"column":58}},{"start":{"line":118,"column":61},"end":{"line":118,"column":62}}],"line":118},"11":{"loc":{"start":{"line":120,"column":8},"end":{"line":125,"column":9}},"type":"if","locations":[{"start":{"line":120,"column":8},"end":{"line":125,"column":9}},{"start":{},"end":{}}],"line":120}},"s":{"0":2,"1":2,"2":2,"3":2,"4":2,"5":2,"6":2,"7":2,"8":1,"9":1,"10":1,"11":1,"12":0,"13":2,"14":1,"15":1,"16":1,"17":0,"18":0,"19":1,"20":0,"21":1,"22":0,"23":0,"24":2,"25":2,"26":2,"27":2,"28":2,"29":0,"30":0,"31":2,"32":0,"33":2,"34":2,"35":2,"36":1,"37":1,"38":1,"39":0,"40":0,"41":2,"42":0,"43":0,"44":0,"45":0,"46":0,"47":0,"48":0,"49":0,"50":2,"51":0,"52":0,"53":0,"54":0,"55":0,"56":0,"57":0,"58":0,"59":0,"60":0,"61":0,"62":0,"63":0,"64":0,"65":0,"66":0},"f":{"0":2,"1":1,"2":1,"3":2,"4":2,"5":0,"6":0,"7":0,"8":0},"b":{"0":[1,1],"1":[0,1],"2":[0,1],"3":[1,1],"4":[0,2],"5":[0,2],"6":[1,1],"7":[0,0],"8":[0,0],"9":[0,0],"10":[0,0],"11":[0,0]},"_coverageSchema":"1a1c01bbd47fc00a2c39e90264f33305004495a9","hash":"b02130be9856ddf532e24c52ab15cd64ab35a6cf"}
,"C:\\Users\\rebek\\OneDrive\\Dokumenti\\1LETNIK_MAG\\RIRS\\RIRS-individual\\RIRS\\backend\\middleware\\verifyToken.js": {"path":"C:\\Users\\rebek\\OneDrive\\Dokumenti\\1LETNIK_MAG\\RIRS\\RIRS-individual\\RIRS\\backend\\middleware\\verifyToken.js","statementMap":{"0":{"start":{"line":1,"column":12},"end":{"line":1,"column":35}},"1":{"start":{"line":3,"column":20},"end":{"line":12,"column":1}},"2":{"start":{"line":4,"column":18},"end":{"line":4,"column":61}},"3":{"start":{"line":5,"column":4},"end":{"line":5,"column":78}},"4":{"start":{"line":5,"column":16},"end":{"line":5,"column":78}},"5":{"start":{"line":7,"column":4},"end":{"line":11,"column":7}},"6":{"start":{"line":8,"column":8},"end":{"line":8,"column":75}},"7":{"start":{"line":8,"column":17},"end":{"line":8,"column":75}},"8":{"start":{"line":9,"column":8},"end":{"line":9,"column":32}},"9":{"start":{"line":10,"column":8},"end":{"line":10,"column":15}},"10":{"start":{"line":14,"column":0},"end":{"line":14,"column":29}}},"fnMap":{"0":{"name":"(anonymous_0)","decl":{"start":{"line":3,"column":20},"end":{"line":3,"column":21}},"loc":{"start":{"line":3,"column":40},"end":{"line":12,"column":1}},"line":3},"1":{"name":"(anonymous_1)","decl":{"start":{"line":7,"column":48},"end":{"line":7,"column":49}},"loc":{"start":{"line":7,"column":66},"end":{"line":11,"column":5}},"line":7}},"branchMap":{"0":{"loc":{"start":{"line":5,"column":4},"end":{"line":5,"column":78}},"type":"if","locations":[{"start":{"line":5,"column":4},"end":{"line":5,"column":78}},{"start":{},"end":{}}],"line":5},"1":{"loc":{"start":{"line":8,"column":8},"end":{"line":8,"column":75}},"type":"if","locations":[{"start":{"line":8,"column":8},"end":{"line":8,"column":75}},{"start":{},"end":{}}],"line":8}},"s":{"0":1,"1":1,"2":0,"3":0,"4":0,"5":0,"6":0,"7":0,"8":0,"9":0,"10":1},"f":{"0":0,"1":0},"b":{"0":[0,0],"1":[0,0]},"_coverageSchema":"1a1c01bbd47fc00a2c39e90264f33305004495a9","hash":"ad8d7567ce3fc87881cdc7993519b2cafe845247"}
,"C:\\Users\\rebek\\OneDrive\\Dokumenti\\1LETNIK_MAG\\RIRS\\RIRS-individual\\RIRS\\backend\\models\\requestModel.js": {"path":"C:\\Users\\rebek\\OneDrive\\Dokumenti\\1LETNIK_MAG\\RIRS\\RIRS-individual\\RIRS\\backend\\models\\requestModel.js","statementMap":{"0":{"start":{"line":1,"column":11},"end":{"line":1,"column":27}},"1":{"start":{"line":3,"column":16},"end":{"line":133,"column":1}},"2":{"start":{"line":5,"column":18},"end":{"line":28,"column":58}},"3":{"start":{"line":29,"column":4},"end":{"line":29,"column":30}},"4":{"start":{"line":33,"column":18},"end":{"line":48,"column":5}},"5":{"start":{"line":49,"column":4},"end":{"line":49,"column":30}},"6":{"start":{"line":53,"column":18},"end":{"line":53,"column":62}},"7":{"start":{"line":54,"column":4},"end":{"line":54,"column":44}},"8":{"start":{"line":58,"column":18},"end":{"line":58,"column":107}},"9":{"start":{"line":59,"column":4},"end":{"line":68,"column":6}},"10":{"start":{"line":72,"column":18},"end":{"line":72,"column":114}},"11":{"start":{"line":73,"column":4},"end":{"line":83,"column":6}},"12":{"start":{"line":86,"column":18},"end":{"line":110,"column":5}},"13":{"start":{"line":111,"column":4},"end":{"line":111,"column":40}},"14":{"start":{"line":114,"column":18},"end":{"line":130,"column":5}},"15":{"start":{"line":131,"column":4},"end":{"line":131,"column":30}},"16":{"start":{"line":135,"column":0},"end":{"line":135,"column":25}}},"fnMap":{"0":{"name":"(anonymous_0)","decl":{"start":{"line":4,"column":17},"end":{"line":4,"column":18}},"loc":{"start":{"line":4,"column":31},"end":{"line":30,"column":3}},"line":4},"1":{"name":"(anonymous_1)","decl":{"start":{"line":32,"column":16},"end":{"line":32,"column":17}},"loc":{"start":{"line":32,"column":30},"end":{"line":50,"column":3}},"line":32},"2":{"name":"(anonymous_2)","decl":{"start":{"line":52,"column":10},"end":{"line":52,"column":11}},"loc":{"start":{"line":52,"column":36},"end":{"line":55,"column":3}},"line":52},"3":{"name":"(anonymous_3)","decl":{"start":{"line":57,"column":10},"end":{"line":57,"column":11}},"loc":{"start":{"line":57,"column":37},"end":{"line":69,"column":3}},"line":57},"4":{"name":"(anonymous_4)","decl":{"start":{"line":71,"column":15},"end":{"line":71,"column":16}},"loc":{"start":{"line":71,"column":40},"end":{"line":84,"column":3}},"line":71},"5":{"name":"(anonymous_5)","decl":{"start":{"line":85,"column":23},"end":{"line":85,"column":24}},"loc":{"start":{"line":85,"column":45},"end":{"line":112,"column":3}},"line":85},"6":{"name":"(anonymous_6)","decl":{"start":{"line":113,"column":23},"end":{"line":113,"column":24}},"loc":{"start":{"line":113,"column":37},"end":{"line":132,"column":3}},"line":113}},"branchMap":{},"s":{"0":2,"1":2,"2":0,"3":0,"4":1,"5":1,"6":2,"7":2,"8":1,"9":1,"10":1,"11":1,"12":1,"13":1,"14":0,"15":0,"16":2},"f":{"0":0,"1":1,"2":2,"3":1,"4":1,"5":1,"6":0},"b":{},"_coverageSchema":"1a1c01bbd47fc00a2c39e90264f33305004495a9","hash":"9e7c2a57ca52eaf374263fdf92e196652cbb3808"}
,"C:\\Users\\rebek\\OneDrive\\Dokumenti\\1LETNIK_MAG\\RIRS\\RIRS-individual\\RIRS\\backend\\models\\userModel.js": {"path":"C:\\Users\\rebek\\OneDrive\\Dokumenti\\1LETNIK_MAG\\RIRS\\RIRS-individual\\RIRS\\backend\\models\\userModel.js","statementMap":{"0":{"start":{"line":1,"column":11},"end":{"line":1,"column":27}},"1":{"start":{"line":3,"column":13},"end":{"line":46,"column":1}},"2":{"start":{"line":5,"column":18},"end":{"line":5,"column":112}},"3":{"start":{"line":6,"column":4},"end":{"line":10,"column":6}},"4":{"start":{"line":14,"column":18},"end":{"line":14,"column":84}},"5":{"start":{"line":15,"column":4},"end":{"line":21,"column":7}},"6":{"start":{"line":16,"column":6},"end":{"line":19,"column":7}},"7":{"start":{"line":17,"column":8},"end":{"line":17,"column":46}},"8":{"start":{"line":18,"column":8},"end":{"line":18,"column":35}},"9":{"start":{"line":20,"column":6},"end":{"line":20,"column":30}},"10":{"start":{"line":24,"column":18},"end":{"line":24,"column":59}},"11":{"start":{"line":25,"column":4},"end":{"line":31,"column":7}},"12":{"start":{"line":26,"column":6},"end":{"line":29,"column":7}},"13":{"start":{"line":27,"column":8},"end":{"line":27,"column":56}},"14":{"start":{"line":28,"column":8},"end":{"line":28,"column":35}},"15":{"start":{"line":30,"column":6},"end":{"line":30,"column":30}},"16":{"start":{"line":35,"column":18},"end":{"line":35,"column":97}},"17":{"start":{"line":36,"column":4},"end":{"line":39,"column":7}},"18":{"start":{"line":37,"column":6},"end":{"line":37,"column":36}},"19":{"start":{"line":37,"column":15},"end":{"line":37,"column":36}},"20":{"start":{"line":38,"column":6},"end":{"line":38,"column":33}},"21":{"start":{"line":43,"column":18},"end":{"line":43,"column":75}},"22":{"start":{"line":44,"column":4},"end":{"line":44,"column":55}},"23":{"start":{"line":48,"column":0},"end":{"line":48,"column":22}}},"fnMap":{"0":{"name":"(anonymous_0)","decl":{"start":{"line":4,"column":10},"end":{"line":4,"column":11}},"loc":{"start":{"line":4,"column":34},"end":{"line":11,"column":3}},"line":4},"1":{"name":"(anonymous_1)","decl":{"start":{"line":13,"column":10},"end":{"line":13,"column":11}},"loc":{"start":{"line":13,"column":24},"end":{"line":22,"column":3}},"line":13},"2":{"name":"(anonymous_2)","decl":{"start":{"line":15,"column":20},"end":{"line":15,"column":21}},"loc":{"start":{"line":15,"column":38},"end":{"line":21,"column":5}},"line":15},"3":{"name":"(anonymous_3)","decl":{"start":{"line":23,"column":15},"end":{"line":23,"column":16}},"loc":{"start":{"line":23,"column":36},"end":{"line":32,"column":3}},"line":23},"4":{"name":"(anonymous_4)","decl":{"start":{"line":25,"column":29},"end":{"line":25,"column":30}},"loc":{"start":{"line":25,"column":47},"end":{"line":31,"column":5}},"line":25},"5":{"name":"(anonymous_5)","decl":{"start":{"line":34,"column":12},"end":{"line":34,"column":13}},"loc":{"start":{"line":34,"column":30},"end":{"line":40,"column":3}},"line":34},"6":{"name":"(anonymous_6)","decl":{"start":{"line":36,"column":26},"end":{"line":36,"column":27}},"loc":{"start":{"line":36,"column":44},"end":{"line":39,"column":5}},"line":36},"7":{"name":"(anonymous_7)","decl":{"start":{"line":42,"column":10},"end":{"line":42,"column":11}},"loc":{"start":{"line":42,"column":47},"end":{"line":45,"column":3}},"line":42}},"branchMap":{"0":{"loc":{"start":{"line":16,"column":6},"end":{"line":19,"column":7}},"type":"if","locations":[{"start":{"line":16,"column":6},"end":{"line":19,"column":7}},{"start":{},"end":{}}],"line":16},"1":{"loc":{"start":{"line":26,"column":6},"end":{"line":29,"column":7}},"type":"if","locations":[{"start":{"line":26,"column":6},"end":{"line":29,"column":7}},{"start":{},"end":{}}],"line":26},"2":{"loc":{"start":{"line":37,"column":6},"end":{"line":37,"column":36}},"type":"if","locations":[{"start":{"line":37,"column":6},"end":{"line":37,"column":36}},{"start":{},"end":{}}],"line":37}},"s":{"0":1,"1":1,"2":0,"3":0,"4":0,"5":0,"6":0,"7":0,"8":0,"9":0,"10":0,"11":0,"12":0,"13":0,"14":0,"15":0,"16":0,"17":0,"18":0,"19":0,"20":0,"21":0,"22":0,"23":1},"f":{"0":0,"1":0,"2":0,"3":0,"4":0,"5":0,"6":0,"7":0},"b":{"0":[0,0],"1":[0,0],"2":[0,0]},"_coverageSchema":"1a1c01bbd47fc00a2c39e90264f33305004495a9","hash":"e54484416e4d3393818466ca4c69e306a03bd67f"}
,"C:\\Users\\rebek\\OneDrive\\Dokumenti\\1LETNIK_MAG\\RIRS\\RIRS-individual\\RIRS\\backend\\routes\\requestRoutes.js": {"path":"C:\\Users\\rebek\\OneDrive\\Dokumenti\\1LETNIK_MAG\\RIRS\\RIRS-individual\\RIRS\\backend\\routes\\requestRoutes.js","statementMap":{"0":{"start":{"line":1,"column":16},"end":{"line":1,"column":34}},"1":{"start":{"line":2,"column":15},"end":{"line":2,"column":31}},"2":{"start":{"line":3,"column":26},"end":{"line":3,"column":69}},"3":{"start":{"line":4,"column":20},"end":{"line":4,"column":56}},"4":{"start":{"line":6,"column":0},"end":{"line":6,"column":57}},"5":{"start":{"line":7,"column":0},"end":{"line":7,"column":55}},"6":{"start":{"line":8,"column":0},"end":{"line":8,"column":58}},"7":{"start":{"line":9,"column":0},"end":{"line":9,"column":79}},"8":{"start":{"line":10,"column":0},"end":{"line":10,"column":76}},"9":{"start":{"line":11,"column":0},"end":{"line":11,"column":24}}},"fnMap":{},"branchMap":{},"s":{"0":2,"1":2,"2":2,"3":2,"4":2,"5":2,"6":2,"7":2,"8":2,"9":2},"f":{},"b":{},"_coverageSchema":"1a1c01bbd47fc00a2c39e90264f33305004495a9","hash":"f14aee16ae4e38b09eac74138a44f7b7780f0394"}
,"C:\\Users\\rebek\\OneDrive\\Dokumenti\\1LETNIK_MAG\\RIRS\\RIRS-individual\\RIRS\\backend\\routes\\userRoutes.js": {"path":"C:\\Users\\rebek\\OneDrive\\Dokumenti\\1LETNIK_MAG\\RIRS\\RIRS-individual\\RIRS\\backend\\routes\\userRoutes.js","statementMap":{"0":{"start":{"line":1,"column":16},"end":{"line":1,"column":34}},"1":{"start":{"line":2,"column":15},"end":{"line":2,"column":31}},"2":{"start":{"line":3,"column":23},"end":{"line":3,"column":63}},"3":{"start":{"line":4,"column":26},"end":{"line":4,"column":69}},"4":{"start":{"line":5,"column":20},"end":{"line":5,"column":56}},"5":{"start":{"line":7,"column":0},"end":{"line":7,"column":46}},"6":{"start":{"line":8,"column":0},"end":{"line":8,"column":44}},"7":{"start":{"line":9,"column":0},"end":{"line":9,"column":48}},"8":{"start":{"line":10,"column":0},"end":{"line":10,"column":69}},"9":{"start":{"line":11,"column":0},"end":{"line":11,"column":61}},"10":{"start":{"line":12,"column":0},"end":{"line":12,"column":70}},"11":{"start":{"line":13,"column":0},"end":{"line":13,"column":24}}},"fnMap":{},"branchMap":{},"s":{"0":2,"1":2,"2":2,"3":2,"4":2,"5":2,"6":2,"7":2,"8":2,"9":2,"10":2,"11":2},"f":{},"b":{},"_coverageSchema":"1a1c01bbd47fc00a2c39e90264f33305004495a9","hash":"9558d2f201b3cfa7a1832b6bd45c33a2f8041f23"}
}
