{"C:\\Users\\rebek\\OneDrive\\Dokumenti\\1LETNIK_MAG\\RIRS\\RIRS-individual\\RIRS\\backend\\db.js": {"path":"C:\\Users\\rebek\\OneDrive\\Dokumenti\\1LETNIK_MAG\\RIRS\\RIRS-individual\\RIRS\\backend\\db.js","statementMap":{"0":{"start":{"line":1,"column":17},"end":{"line":1,"column":30}},"1":{"start":{"line":2,"column":15},"end":{"line":2,"column":32}},"2":{"start":{"line":4,"column":0},"end":{"line":4,"column":16}},"3":{"start":{"line":6,"column":11},"end":{"line":12,"column":2}},"4":{"start":{"line":14,"column":0},"end":{"line":20,"column":5}},"5":{"start":{"line":16,"column":4},"end":{"line":16,"column":52}},"6":{"start":{"line":19,"column":4},"end":{"line":19,"column":62}},"7":{"start":{"line":22,"column":0},"end":{"line":22,"column":20}}},"fnMap":{"0":{"name":"(anonymous_0)","decl":{"start":{"line":15,"column":8},"end":{"line":15,"column":9}},"loc":{"start":{"line":15,"column":14},"end":{"line":17,"column":3}},"line":15},"1":{"name":"(anonymous_1)","decl":{"start":{"line":18,"column":9},"end":{"line":18,"column":10}},"loc":{"start":{"line":18,"column":18},"end":{"line":20,"column":3}},"line":18}},"branchMap":{"0":{"loc":{"start":{"line":11,"column":8},"end":{"line":11,"column":35}},"type":"binary-expr","locations":[{"start":{"line":11,"column":8},"end":{"line":11,"column":27}},{"start":{"line":11,"column":31},"end":{"line":11,"column":35}}],"line":11}},"s":{"0":2,"1":2,"2":2,"3":2,"4":2,"5":2,"6":0,"7":2},"f":{"0":2,"1":0},"b":{"0":[2,0]},"_coverageSchema":"1a1c01bbd47fc00a2c39e90264f33305004495a9","hash":"300c56bb9c59c26d83df5b5a7c10281407078a8e"}
,"C:\\Users\\rebek\\OneDrive\\Dokumenti\\1LETNIK_MAG\\RIRS\\RIRS-individual\\RIRS\\backend\\server.js": {"path":"C:\\Users\\rebek\\OneDrive\\Dokumenti\\1LETNIK_MAG\\RIRS\\RIRS-individual\\RIRS\\backend\\server.js","statementMap":{"0":{"start":{"line":1,"column":16},"end":{"line":1,"column":34}},"1":{"start":{"line":2,"column":13},"end":{"line":2,"column":28}},"2":{"start":{"line":3,"column":15},"end":{"line":3,"column":32}},"3":{"start":{"line":4,"column":19},"end":{"line":4,"column":49}},"4":{"start":{"line":5,"column":22},"end":{"line":5,"column":55}},"5":{"start":{"line":6,"column":0},"end":{"line":6,"column":16}},"6":{"start":{"line":8,"column":12},"end":{"line":8,"column":21}},"7":{"start":{"line":10,"column":0},"end":{"line":15,"column":2}},"8":{"start":{"line":16,"column":0},"end":{"line":16,"column":24}},"9":{"start":{"line":19,"column":0},"end":{"line":19,"column":34}},"10":{"start":{"line":20,"column":0},"end":{"line":20,"column":40}},"11":{"start":{"line":22,"column":0},"end":{"line":22,"column":21}},"12":{"start":{"line":24,"column":0},"end":{"line":29,"column":1}},"13":{"start":{"line":25,"column":15},"end":{"line":25,"column":40}},"14":{"start":{"line":26,"column":2},"end":{"line":28,"column":5}},"15":{"start":{"line":27,"column":4},"end":{"line":27,"column":53}}},"fnMap":{"0":{"name":"(anonymous_0)","decl":{"start":{"line":26,"column":19},"end":{"line":26,"column":20}},"loc":{"start":{"line":26,"column":25},"end":{"line":28,"column":3}},"line":26}},"branchMap":{"0":{"loc":{"start":{"line":24,"column":0},"end":{"line":29,"column":1}},"type":"if","locations":[{"start":{"line":24,"column":0},"end":{"line":29,"column":1}},{"start":{},"end":{}}],"line":24},"1":{"loc":{"start":{"line":25,"column":15},"end":{"line":25,"column":40}},"type":"binary-expr","locations":[{"start":{"line":25,"column":15},"end":{"line":25,"column":31}},{"start":{"line":25,"column":35},"end":{"line":25,"column":40}}],"line":25}},"s":{"0":2,"1":2,"2":2,"3":2,"4":2,"5":2,"6":2,"7":2,"8":2,"9":2,"10":2,"11":2,"12":2,"13":0,"14":0,"15":0},"f":{"0":0},"b":{"0":[0,2],"1":[0,0]},"_coverageSchema":"1a1c01bbd47fc00a2c39e90264f33305004495a9","hash":"4935b500c1cecea85f68d623205b7dba59991e4c"}
,"C:\\Users\\rebek\\OneDrive\\Dokumenti\\1LETNIK_MAG\\RIRS\\RIRS-individual\\RIRS\\backend\\controllers\\requestController.js": {"path":"C:\\Users\\rebek\\OneDrive\\Dokumenti\\1LETNIK_MAG\\RIRS\\RIRS-individual\\RIRS\\backend\\controllers\\requestController.js","statementMap":{"0":{"start":{"line":1,"column":16},"end":{"line":1,"column":49}},"1":{"start":{"line":3,"column":0},"end":{"line":10,"column":2}},"2":{"start":{"line":4,"column":2},"end":{"line":9,"column":5}},"3":{"start":{"line":5,"column":4},"end":{"line":7,"column":5}},"4":{"start":{"line":6,"column":6},"end":{"line":6,"column":78}},"5":{"start":{"line":8,"column":4},"end":{"line":8,"column":34}},"6":{"start":{"line":12,"column":0},"end":{"line":34,"column":2}},"7":{"start":{"line":13,"column":25},"end":{"line":13,"column":33}},"8":{"start":{"line":15,"column":2},"end":{"line":19,"column":3}},"9":{"start":{"line":16,"column":4},"end":{"line":18,"column":63}},"10":{"start":{"line":21,"column":2},"end":{"line":33,"column":5}},"11":{"start":{"line":22,"column":4},"end":{"line":26,"column":5}},"12":{"start":{"line":23,"column":6},"end":{"line":25,"column":62}},"13":{"start":{"line":28,"column":4},"end":{"line":30,"column":5}},"14":{"start":{"line":29,"column":6},"end":{"line":29,"column":68}},"15":{"start":{"line":32,"column":4},"end":{"line":32,"column":77}},"16":{"start":{"line":36,"column":0},"end":{"line":78,"column":2}},"17":{"start":{"line":37,"column":2},"end":{"line":77,"column":3}},"18":{"start":{"line":38,"column":24},"end":{"line":38,"column":32}},"19":{"start":{"line":39,"column":19},"end":{"line":39,"column":29}},"20":{"start":{"line":41,"column":23},"end":{"line":46,"column":5}},"21":{"start":{"line":48,"column":4},"end":{"line":73,"column":7}},"22":{"start":{"line":49,"column":6},"end":{"line":52,"column":7}},"23":{"start":{"line":50,"column":8},"end":{"line":50,"column":56}},"24":{"start":{"line":51,"column":8},"end":{"line":51,"column":77}},"25":{"start":{"line":54,"column":24},"end":{"line":54,"column":39}},"26":{"start":{"line":56,"column":6},"end":{"line":70,"column":9}},"27":{"start":{"line":57,"column":27},"end":{"line":63,"column":9}},"28":{"start":{"line":65,"column":8},"end":{"line":69,"column":11}},"29":{"start":{"line":66,"column":10},"end":{"line":68,"column":11}},"30":{"start":{"line":67,"column":12},"end":{"line":67,"column":63}},"31":{"start":{"line":72,"column":6},"end":{"line":72,"column":72}},"32":{"start":{"line":75,"column":4},"end":{"line":75,"column":46}},"33":{"start":{"line":76,"column":4},"end":{"line":76,"column":67}},"34":{"start":{"line":79,"column":0},"end":{"line":88,"column":2}},"35":{"start":{"line":80,"column":2},"end":{"line":87,"column":5}},"36":{"start":{"line":81,"column":4},"end":{"line":85,"column":5}},"37":{"start":{"line":82,"column":6},"end":{"line":84,"column":64}},"38":{"start":{"line":86,"column":4},"end":{"line":86,"column":34}},"39":{"start":{"line":90,"column":0},"end":{"line":101,"column":2}},"40":{"start":{"line":91,"column":17},"end":{"line":91,"column":27}},"41":{"start":{"line":93,"column":2},"end":{"line":100,"column":5}},"42":{"start":{"line":94,"column":4},"end":{"line":98,"column":5}},"43":{"start":{"line":95,"column":6},"end":{"line":97,"column":65}},"44":{"start":{"line":99,"column":4},"end":{"line":99,"column":34}},"45":{"start":{"line":102,"column":0},"end":{"line":111,"column":2}},"46":{"start":{"line":103,"column":2},"end":{"line":110,"column":5}},"47":{"start":{"line":104,"column":4},"end":{"line":108,"column":5}},"48":{"start":{"line":105,"column":6},"end":{"line":107,"column":61}},"49":{"start":{"line":109,"column":4},"end":{"line":109,"column":34}},"50":{"start":{"line":113,"column":0},"end":{"line":138,"column":2}},"51":{"start":{"line":114,"column":18},"end":{"line":114,"column":36}},"52":{"start":{"line":115,"column":2},"end":{"line":115,"column":46}},"53":{"start":{"line":117,"column":2},"end":{"line":119,"column":3}},"54":{"start":{"line":118,"column":4},"end":{"line":118,"column":69}},"55":{"start":{"line":121,"column":2},"end":{"line":137,"column":5}},"56":{"start":{"line":122,"column":4},"end":{"line":130,"column":5}},"57":{"start":{"line":124,"column":6},"end":{"line":127,"column":7}},"58":{"start":{"line":125,"column":8},"end":{"line":125,"column":47}},"59":{"start":{"line":126,"column":8},"end":{"line":126,"column":68}},"60":{"start":{"line":128,"column":6},"end":{"line":128,"column":48}},"61":{"start":{"line":129,"column":6},"end":{"line":129,"column":73}},"62":{"start":{"line":132,"column":4},"end":{"line":134,"column":5}},"63":{"start":{"line":133,"column":6},"end":{"line":133,"column":66}},"64":{"start":{"line":136,"column":4},"end":{"line":136,"column":68}}},"fnMap":{"0":{"name":"(anonymous_0)","decl":{"start":{"line":3,"column":32},"end":{"line":3,"column":33}},"loc":{"start":{"line":3,"column":46},"end":{"line":10,"column":1}},"line":3},"1":{"name":"(anonymous_1)","decl":{"start":{"line":4,"column":24},"end":{"line":4,"column":25}},"loc":{"start":{"line":4,"column":42},"end":{"line":9,"column":3}},"line":4},"2":{"name":"(anonymous_2)","decl":{"start":{"line":12,"column":30},"end":{"line":12,"column":31}},"loc":{"start":{"line":12,"column":44},"end":{"line":34,"column":1}},"line":12},"3":{"name":"(anonymous_3)","decl":{"start":{"line":21,"column":29},"end":{"line":21,"column":30}},"loc":{"start":{"line":21,"column":46},"end":{"line":33,"column":3}},"line":21},"4":{"name":"(anonymous_4)","decl":{"start":{"line":36,"column":24},"end":{"line":36,"column":25}},"loc":{"start":{"line":36,"column":38},"end":{"line":78,"column":1}},"line":36},"5":{"name":"(anonymous_5)","decl":{"start":{"line":48,"column":31},"end":{"line":48,"column":32}},"loc":{"start":{"line":48,"column":50},"end":{"line":73,"column":5}},"line":48},"6":{"name":"(anonymous_6)","decl":{"start":{"line":56,"column":22},"end":{"line":56,"column":23}},"loc":{"start":{"line":56,"column":34},"end":{"line":70,"column":7}},"line":56},"7":{"name":"(anonymous_7)","decl":{"start":{"line":65,"column":40},"end":{"line":65,"column":41}},"loc":{"start":{"line":65,"column":56},"end":{"line":69,"column":9}},"line":65},"8":{"name":"(anonymous_8)","decl":{"start":{"line":79,"column":23},"end":{"line":79,"column":24}},"loc":{"start":{"line":79,"column":37},"end":{"line":88,"column":1}},"line":79},"9":{"name":"(anonymous_9)","decl":{"start":{"line":80,"column":23},"end":{"line":80,"column":24}},"loc":{"start":{"line":80,"column":41},"end":{"line":87,"column":3}},"line":80},"10":{"name":"(anonymous_10)","decl":{"start":{"line":90,"column":28},"end":{"line":90,"column":29}},"loc":{"start":{"line":90,"column":42},"end":{"line":101,"column":1}},"line":90},"11":{"name":"(anonymous_11)","decl":{"start":{"line":93,"column":38},"end":{"line":93,"column":39}},"loc":{"start":{"line":93,"column":56},"end":{"line":100,"column":3}},"line":93},"12":{"name":"(anonymous_12)","decl":{"start":{"line":102,"column":30},"end":{"line":102,"column":31}},"loc":{"start":{"line":102,"column":44},"end":{"line":111,"column":1}},"line":102},"13":{"name":"(anonymous_13)","decl":{"start":{"line":103,"column":30},"end":{"line":103,"column":31}},"loc":{"start":{"line":103,"column":48},"end":{"line":110,"column":3}},"line":103},"14":{"name":"(anonymous_14)","decl":{"start":{"line":113,"column":22},"end":{"line":113,"column":23}},"loc":{"start":{"line":113,"column":36},"end":{"line":138,"column":1}},"line":113},"15":{"name":"(anonymous_15)","decl":{"start":{"line":121,"column":31},"end":{"line":121,"column":32}},"loc":{"start":{"line":121,"column":48},"end":{"line":137,"column":3}},"line":121}},"branchMap":{"0":{"loc":{"start":{"line":5,"column":4},"end":{"line":7,"column":5}},"type":"if","locations":[{"start":{"line":5,"column":4},"end":{"line":7,"column":5}},{"start":{},"end":{}}],"line":5},"1":{"loc":{"start":{"line":15,"column":2},"end":{"line":19,"column":3}},"type":"if","locations":[{"start":{"line":15,"column":2},"end":{"line":19,"column":3}},{"start":{},"end":{}}],"line":15},"2":{"loc":{"start":{"line":15,"column":6},"end":{"line":15,"column":20}},"type":"binary-expr","locations":[{"start":{"line":15,"column":6},"end":{"line":15,"column":9}},{"start":{"line":15,"column":13},"end":{"line":15,"column":20}}],"line":15},"3":{"loc":{"start":{"line":22,"column":4},"end":{"line":26,"column":5}},"type":"if","locations":[{"start":{"line":22,"column":4},"end":{"line":26,"column":5}},{"start":{},"end":{}}],"line":22},"4":{"loc":{"start":{"line":28,"column":4},"end":{"line":30,"column":5}},"type":"if","locations":[{"start":{"line":28,"column":4},"end":{"line":30,"column":5}},{"start":{},"end":{}}],"line":28},"5":{"loc":{"start":{"line":49,"column":6},"end":{"line":52,"column":7}},"type":"if","locations":[{"start":{"line":49,"column":6},"end":{"line":52,"column":7}},{"start":{},"end":{}}],"line":49},"6":{"loc":{"start":{"line":66,"column":10},"end":{"line":68,"column":11}},"type":"if","locations":[{"start":{"line":66,"column":10},"end":{"line":68,"column":11}},{"start":{},"end":{}}],"line":66},"7":{"loc":{"start":{"line":81,"column":4},"end":{"line":85,"column":5}},"type":"if","locations":[{"start":{"line":81,"column":4},"end":{"line":85,"column":5}},{"start":{},"end":{}}],"line":81},"8":{"loc":{"start":{"line":94,"column":4},"end":{"line":98,"column":5}},"type":"if","locations":[{"start":{"line":94,"column":4},"end":{"line":98,"column":5}},{"start":{},"end":{}}],"line":94},"9":{"loc":{"start":{"line":104,"column":4},"end":{"line":108,"column":5}},"type":"if","locations":[{"start":{"line":104,"column":4},"end":{"line":108,"column":5}},{"start":{},"end":{}}],"line":104},"10":{"loc":{"start":{"line":117,"column":2},"end":{"line":119,"column":3}},"type":"if","locations":[{"start":{"line":117,"column":2},"end":{"line":119,"column":3}},{"start":{},"end":{}}],"line":117},"11":{"loc":{"start":{"line":122,"column":4},"end":{"line":130,"column":5}},"type":"if","locations":[{"start":{"line":122,"column":4},"end":{"line":130,"column":5}},{"start":{},"end":{}}],"line":122},"12":{"loc":{"start":{"line":124,"column":6},"end":{"line":127,"column":7}},"type":"if","locations":[{"start":{"line":124,"column":6},"end":{"line":127,"column":7}},{"start":{},"end":{}}],"line":124},"13":{"loc":{"start":{"line":124,"column":10},"end":{"line":124,"column":64}},"type":"binary-expr","locations":[{"start":{"line":124,"column":10},"end":{"line":124,"column":21}},{"start":{"line":124,"column":25},"end":{"line":124,"column":64}}],"line":124},"14":{"loc":{"start":{"line":132,"column":4},"end":{"line":134,"column":5}},"type":"if","locations":[{"start":{"line":132,"column":4},"end":{"line":134,"column":5}},{"start":{},"end":{}}],"line":132}},"s":{"0":2,"1":2,"2":0,"3":0,"4":0,"5":0,"6":2,"7":2,"8":2,"9":0,"10":2,"11":2,"12":0,"13":2,"14":0,"15":2,"16":2,"17":1,"18":1,"19":1,"20":1,"21":1,"22":1,"23":0,"24":0,"25":1,"26":1,"27":1,"28":1,"29":1,"30":0,"31":1,"32":0,"33":0,"34":2,"35":1,"36":1,"37":0,"38":1,"39":2,"40":1,"41":1,"42":1,"43":0,"44":1,"45":2,"46":0,"47":0,"48":0,"49":0,"50":2,"51":2,"52":2,"53":2,"54":0,"55":2,"56":2,"57":1,"58":1,"59":1,"60":0,"61":0,"62":1,"63":0,"64":1},"f":{"0":0,"1":0,"2":2,"3":2,"4":1,"5":1,"6":1,"7":1,"8":1,"9":1,"10":1,"11":1,"12":0,"13":0,"14":2,"15":2},"b":{"0":[0,0],"1":[0,2],"2":[2,2],"3":[0,2],"4":[0,2],"5":[0,1],"6":[0,1],"7":[0,1],"8":[0,1],"9":[0,0],"10":[0,2],"11":[1,1],"12":[1,0],"13":[1,1],"14":[0,1]},"_coverageSchema":"1a1c01bbd47fc00a2c39e90264f33305004495a9","hash":"22d2f7926f8289d508f26435c4682eee96ed5525"}
,"C:\\Users\\rebek\\OneDrive\\Dokumenti\\1LETNIK_MAG\\RIRS\\RIRS-individual\\RIRS\\backend\\controllers\\userController.js": {"path":"C:\\Users\\rebek\\OneDrive\\Dokumenti\\1LETNIK_MAG\\RIRS\\RIRS-individual\\RIRS\\backend\\controllers\\userController.js","statementMap":{"0":{"start":{"line":1,"column":15},"end":{"line":1,"column":34}},"1":{"start":{"line":2,"column":13},"end":{"line":2,"column":43}},"2":{"start":{"line":3,"column":12},"end":{"line":3,"column":35}},"3":{"start":{"line":5,"column":0},"end":{"line":28,"column":2}},"4":{"start":{"line":6,"column":19},"end":{"line":6,"column":27}},"5":{"start":{"line":7,"column":2},"end":{"line":27,"column":3}},"6":{"start":{"line":8,"column":25},"end":{"line":8,"column":66}},"7":{"start":{"line":9,"column":4},"end":{"line":11,"column":5}},"8":{"start":{"line":10,"column":6},"end":{"line":10,"column":70}},"9":{"start":{"line":13,"column":27},"end":{"line":13,"column":60}},"10":{"start":{"line":14,"column":20},"end":{"line":19,"column":6}},"11":{"start":{"line":21,"column":4},"end":{"line":23,"column":72}},"12":{"start":{"line":25,"column":4},"end":{"line":25,"column":60}},"13":{"start":{"line":26,"column":4},"end":{"line":26,"column":54}},"14":{"start":{"line":30,"column":0},"end":{"line":46,"column":2}},"15":{"start":{"line":31,"column":2},"end":{"line":45,"column":3}},"16":{"start":{"line":32,"column":4},"end":{"line":41,"column":7}},"17":{"start":{"line":33,"column":6},"end":{"line":36,"column":7}},"18":{"start":{"line":34,"column":8},"end":{"line":34,"column":52}},"19":{"start":{"line":35,"column":8},"end":{"line":35,"column":77}},"20":{"start":{"line":37,"column":6},"end":{"line":39,"column":7}},"21":{"start":{"line":38,"column":8},"end":{"line":38,"column":67}},"22":{"start":{"line":40,"column":6},"end":{"line":40,"column":36}},"23":{"start":{"line":43,"column":4},"end":{"line":43,"column":44}},"24":{"start":{"line":44,"column":4},"end":{"line":44,"column":54}},"25":{"start":{"line":48,"column":0},"end":{"line":90,"column":2}},"26":{"start":{"line":49,"column":19},"end":{"line":49,"column":27}},"27":{"start":{"line":51,"column":2},"end":{"line":89,"column":3}},"28":{"start":{"line":52,"column":4},"end":{"line":85,"column":7}},"29":{"start":{"line":53,"column":6},"end":{"line":56,"column":7}},"30":{"start":{"line":54,"column":8},"end":{"line":54,"column":48}},"31":{"start":{"line":55,"column":8},"end":{"line":55,"column":65}},"32":{"start":{"line":58,"column":6},"end":{"line":60,"column":7}},"33":{"start":{"line":59,"column":8},"end":{"line":59,"column":72}},"34":{"start":{"line":62,"column":25},"end":{"line":62,"column":35}},"35":{"start":{"line":64,"column":22},"end":{"line":64,"column":72}},"36":{"start":{"line":66,"column":6},"end":{"line":68,"column":7}},"37":{"start":{"line":67,"column":8},"end":{"line":67,"column":72}},"38":{"start":{"line":70,"column":20},"end":{"line":80,"column":7}},"39":{"start":{"line":82,"column":6},"end":{"line":84,"column":77}},"40":{"start":{"line":87,"column":4},"end":{"line":87,"column":48}},"41":{"start":{"line":88,"column":4},"end":{"line":88,"column":54}},"42":{"start":{"line":92,"column":0},"end":{"line":108,"column":2}},"43":{"start":{"line":93,"column":2},"end":{"line":95,"column":3}},"44":{"start":{"line":94,"column":4},"end":{"line":94,"column":71}},"45":{"start":{"line":97,"column":2},"end":{"line":107,"column":3}},"46":{"start":{"line":98,"column":19},"end":{"line":98,"column":50}},"47":{"start":{"line":99,"column":4},"end":{"line":101,"column":5}},"48":{"start":{"line":100,"column":6},"end":{"line":100,"column":65}},"49":{"start":{"line":102,"column":40},"end":{"line":102,"column":46}},"50":{"start":{"line":103,"column":4},"end":{"line":103,"column":54}},"51":{"start":{"line":105,"column":4},"end":{"line":105,"column":49}},"52":{"start":{"line":106,"column":4},"end":{"line":106,"column":54}},"53":{"start":{"line":110,"column":0},"end":{"line":131,"column":2}},"54":{"start":{"line":111,"column":17},"end":{"line":111,"column":30}},"55":{"start":{"line":113,"column":2},"end":{"line":130,"column":3}},"56":{"start":{"line":114,"column":17},"end":{"line":114,"column":44}},"57":{"start":{"line":115,"column":4},"end":{"line":117,"column":5}},"58":{"start":{"line":116,"column":6},"end":{"line":116,"column":65}},"59":{"start":{"line":119,"column":24},"end":{"line":119,"column":60}},"60":{"start":{"line":120,"column":4},"end":{"line":120,"column":41}},"61":{"start":{"line":121,"column":4},"end":{"line":121,"column":22}},"62":{"start":{"line":123,"column":4},"end":{"line":126,"column":7}},"63":{"start":{"line":128,"column":4},"end":{"line":128,"column":57}},"64":{"start":{"line":129,"column":4},"end":{"line":129,"column":54}}},"fnMap":{"0":{"name":"(anonymous_0)","decl":{"start":{"line":5,"column":23},"end":{"line":5,"column":24}},"loc":{"start":{"line":5,"column":43},"end":{"line":28,"column":1}},"line":5},"1":{"name":"(anonymous_1)","decl":{"start":{"line":30,"column":22},"end":{"line":30,"column":23}},"loc":{"start":{"line":30,"column":42},"end":{"line":46,"column":1}},"line":30},"2":{"name":"(anonymous_2)","decl":{"start":{"line":32,"column":16},"end":{"line":32,"column":17}},"loc":{"start":{"line":32,"column":34},"end":{"line":41,"column":5}},"line":32},"3":{"name":"(anonymous_3)","decl":{"start":{"line":48,"column":20},"end":{"line":48,"column":21}},"loc":{"start":{"line":48,"column":40},"end":{"line":90,"column":1}},"line":48},"4":{"name":"(anonymous_4)","decl":{"start":{"line":52,"column":33},"end":{"line":52,"column":34}},"loc":{"start":{"line":52,"column":59},"end":{"line":85,"column":5}},"line":52},"5":{"name":"(anonymous_5)","decl":{"start":{"line":92,"column":26},"end":{"line":92,"column":27}},"loc":{"start":{"line":92,"column":46},"end":{"line":108,"column":1}},"line":92},"6":{"name":"(anonymous_6)","decl":{"start":{"line":110,"column":29},"end":{"line":110,"column":30}},"loc":{"start":{"line":110,"column":49},"end":{"line":131,"column":1}},"line":110}},"branchMap":{"0":{"loc":{"start":{"line":9,"column":4},"end":{"line":11,"column":5}},"type":"if","locations":[{"start":{"line":9,"column":4},"end":{"line":11,"column":5}},{"start":{},"end":{}}],"line":9},"1":{"loc":{"start":{"line":33,"column":6},"end":{"line":36,"column":7}},"type":"if","locations":[{"start":{"line":33,"column":6},"end":{"line":36,"column":7}},{"start":{},"end":{}}],"line":33},"2":{"loc":{"start":{"line":37,"column":6},"end":{"line":39,"column":7}},"type":"if","locations":[{"start":{"line":37,"column":6},"end":{"line":39,"column":7}},{"start":{},"end":{}}],"line":37},"3":{"loc":{"start":{"line":37,"column":10},"end":{"line":37,"column":42}},"type":"binary-expr","locations":[{"start":{"line":37,"column":10},"end":{"line":37,"column":18}},{"start":{"line":37,"column":22},"end":{"line":37,"column":42}}],"line":37},"4":{"loc":{"start":{"line":53,"column":6},"end":{"line":56,"column":7}},"type":"if","locations":[{"start":{"line":53,"column":6},"end":{"line":56,"column":7}},{"start":{},"end":{}}],"line":53},"5":{"loc":{"start":{"line":58,"column":6},"end":{"line":60,"column":7}},"type":"if","locations":[{"start":{"line":58,"column":6},"end":{"line":60,"column":7}},{"start":{},"end":{}}],"line":58},"6":{"loc":{"start":{"line":66,"column":6},"end":{"line":68,"column":7}},"type":"if","locations":[{"start":{"line":66,"column":6},"end":{"line":68,"column":7}},{"start":{},"end":{}}],"line":66},"7":{"loc":{"start":{"line":93,"column":2},"end":{"line":95,"column":3}},"type":"if","locations":[{"start":{"line":93,"column":2},"end":{"line":95,"column":3}},{"start":{},"end":{}}],"line":93},"8":{"loc":{"start":{"line":99,"column":4},"end":{"line":101,"column":5}},"type":"if","locations":[{"start":{"line":99,"column":4},"end":{"line":101,"column":5}},{"start":{},"end":{}}],"line":99},"9":{"loc":{"start":{"line":115,"column":4},"end":{"line":117,"column":5}},"type":"if","locations":[{"start":{"line":115,"column":4},"end":{"line":117,"column":5}},{"start":{},"end":{}}],"line":115},"10":{"loc":{"start":{"line":119,"column":24},"end":{"line":119,"column":60}},"type":"cond-expr","locations":[{"start":{"line":119,"column":55},"end":{"line":119,"column":56}},{"start":{"line":119,"column":59},"end":{"line":119,"column":60}}],"line":119}},"s":{"0":2,"1":2,"2":2,"3":2,"4":4,"5":4,"6":4,"7":4,"8":3,"9":1,"10":1,"11":1,"12":0,"13":0,"14":2,"15":1,"16":1,"17":1,"18":0,"19":0,"20":1,"21":0,"22":1,"23":0,"24":0,"25":2,"26":2,"27":2,"28":2,"29":2,"30":0,"31":0,"32":2,"33":0,"34":2,"35":2,"36":2,"37":1,"38":1,"39":1,"40":0,"41":0,"42":2,"43":0,"44":0,"45":0,"46":0,"47":0,"48":0,"49":0,"50":0,"51":0,"52":0,"53":2,"54":0,"55":0,"56":0,"57":0,"58":0,"59":0,"60":0,"61":0,"62":0,"63":0,"64":0},"f":{"0":4,"1":1,"2":1,"3":2,"4":2,"5":0,"6":0},"b":{"0":[3,1],"1":[0,1],"2":[0,1],"3":[1,1],"4":[0,2],"5":[0,2],"6":[1,1],"7":[0,0],"8":[0,0],"9":[0,0],"10":[0,0]},"_coverageSchema":"1a1c01bbd47fc00a2c39e90264f33305004495a9","hash":"c4f26439c2fbc3b0dd899dd56652f738bfda36e0"}
,"C:\\Users\\rebek\\OneDrive\\Dokumenti\\1LETNIK_MAG\\RIRS\\RIRS-individual\\RIRS\\backend\\middleware\\verifyToken.js": {"path":"C:\\Users\\rebek\\OneDrive\\Dokumenti\\1LETNIK_MAG\\RIRS\\RIRS-individual\\RIRS\\backend\\middleware\\verifyToken.js","statementMap":{"0":{"start":{"line":1,"column":12},"end":{"line":1,"column":35}},"1":{"start":{"line":3,"column":20},"end":{"line":12,"column":1}},"2":{"start":{"line":4,"column":18},"end":{"line":4,"column":61}},"3":{"start":{"line":5,"column":4},"end":{"line":5,"column":78}},"4":{"start":{"line":5,"column":16},"end":{"line":5,"column":78}},"5":{"start":{"line":7,"column":4},"end":{"line":11,"column":7}},"6":{"start":{"line":8,"column":8},"end":{"line":8,"column":75}},"7":{"start":{"line":8,"column":17},"end":{"line":8,"column":75}},"8":{"start":{"line":9,"column":8},"end":{"line":9,"column":32}},"9":{"start":{"line":10,"column":8},"end":{"line":10,"column":15}},"10":{"start":{"line":14,"column":0},"end":{"line":14,"column":29}}},"fnMap":{"0":{"name":"(anonymous_0)","decl":{"start":{"line":3,"column":20},"end":{"line":3,"column":21}},"loc":{"start":{"line":3,"column":40},"end":{"line":12,"column":1}},"line":3},"1":{"name":"(anonymous_1)","decl":{"start":{"line":7,"column":48},"end":{"line":7,"column":49}},"loc":{"start":{"line":7,"column":66},"end":{"line":11,"column":5}},"line":7}},"branchMap":{"0":{"loc":{"start":{"line":5,"column":4},"end":{"line":5,"column":78}},"type":"if","locations":[{"start":{"line":5,"column":4},"end":{"line":5,"column":78}},{"start":{},"end":{}}],"line":5},"1":{"loc":{"start":{"line":8,"column":8},"end":{"line":8,"column":75}},"type":"if","locations":[{"start":{"line":8,"column":8},"end":{"line":8,"column":75}},{"start":{},"end":{}}],"line":8}},"s":{"0":1,"1":1,"2":2,"3":2,"4":2,"5":0,"6":0,"7":0,"8":0,"9":0,"10":1},"f":{"0":2,"1":0},"b":{"0":[2,0],"1":[0,0]},"_coverageSchema":"1a1c01bbd47fc00a2c39e90264f33305004495a9","hash":"ad8d7567ce3fc87881cdc7993519b2cafe845247"}
,"C:\\Users\\rebek\\OneDrive\\Dokumenti\\1LETNIK_MAG\\RIRS\\RIRS-individual\\RIRS\\backend\\models\\requestModel.js": {"path":"C:\\Users\\rebek\\OneDrive\\Dokumenti\\1LETNIK_MAG\\RIRS\\RIRS-individual\\RIRS\\backend\\models\\requestModel.js","statementMap":{"0":{"start":{"line":1,"column":11},"end":{"line":1,"column":27}},"1":{"start":{"line":3,"column":16},"end":{"line":180,"column":1}},"2":{"start":{"line":5,"column":18},"end":{"line":30,"column":5}},"3":{"start":{"line":31,"column":4},"end":{"line":37,"column":7}},"4":{"start":{"line":32,"column":6},"end":{"line":35,"column":7}},"5":{"start":{"line":33,"column":8},"end":{"line":33,"column":46}},"6":{"start":{"line":34,"column":8},"end":{"line":34,"column":35}},"7":{"start":{"line":36,"column":6},"end":{"line":36,"column":35}},"8":{"start":{"line":41,"column":18},"end":{"line":56,"column":5}},"9":{"start":{"line":57,"column":4},"end":{"line":63,"column":7}},"10":{"start":{"line":58,"column":6},"end":{"line":61,"column":7}},"11":{"start":{"line":59,"column":8},"end":{"line":59,"column":46}},"12":{"start":{"line":60,"column":8},"end":{"line":60,"column":35}},"13":{"start":{"line":62,"column":6},"end":{"line":62,"column":35}},"14":{"start":{"line":67,"column":18},"end":{"line":67,"column":64}},"15":{"start":{"line":68,"column":4},"end":{"line":68,"column":44}},"16":{"start":{"line":72,"column":18},"end":{"line":72,"column":111}},"17":{"start":{"line":73,"column":4},"end":{"line":82,"column":6}},"18":{"start":{"line":86,"column":18},"end":{"line":86,"column":119}},"19":{"start":{"line":87,"column":4},"end":{"line":97,"column":6}},"20":{"start":{"line":101,"column":18},"end":{"line":126,"column":5}},"21":{"start":{"line":127,"column":4},"end":{"line":133,"column":7}},"22":{"start":{"line":128,"column":6},"end":{"line":131,"column":7}},"23":{"start":{"line":129,"column":8},"end":{"line":129,"column":46}},"24":{"start":{"line":130,"column":8},"end":{"line":130,"column":35}},"25":{"start":{"line":132,"column":6},"end":{"line":132,"column":35}},"26":{"start":{"line":137,"column":18},"end":{"line":153,"column":5}},"27":{"start":{"line":154,"column":4},"end":{"line":160,"column":7}},"28":{"start":{"line":155,"column":6},"end":{"line":158,"column":7}},"29":{"start":{"line":156,"column":8},"end":{"line":156,"column":46}},"30":{"start":{"line":157,"column":8},"end":{"line":157,"column":35}},"31":{"start":{"line":159,"column":6},"end":{"line":159,"column":35}},"32":{"start":{"line":164,"column":18},"end":{"line":164,"column":52}},"33":{"start":{"line":165,"column":4},"end":{"line":178,"column":7}},"34":{"start":{"line":166,"column":6},"end":{"line":169,"column":7}},"35":{"start":{"line":167,"column":8},"end":{"line":167,"column":50}},"36":{"start":{"line":168,"column":8},"end":{"line":168,"column":35}},"37":{"start":{"line":172,"column":6},"end":{"line":174,"column":7}},"38":{"start":{"line":173,"column":8},"end":{"line":173,"column":60}},"39":{"start":{"line":176,"column":6},"end":{"line":176,"column":29}},"40":{"start":{"line":177,"column":6},"end":{"line":177,"column":54}},"41":{"start":{"line":182,"column":0},"end":{"line":182,"column":25}}},"fnMap":{"0":{"name":"(anonymous_0)","decl":{"start":{"line":4,"column":17},"end":{"line":4,"column":18}},"loc":{"start":{"line":4,"column":31},"end":{"line":38,"column":3}},"line":4},"1":{"name":"(anonymous_1)","decl":{"start":{"line":31,"column":20},"end":{"line":31,"column":21}},"loc":{"start":{"line":31,"column":38},"end":{"line":37,"column":5}},"line":31},"2":{"name":"(anonymous_2)","decl":{"start":{"line":40,"column":16},"end":{"line":40,"column":17}},"loc":{"start":{"line":40,"column":30},"end":{"line":64,"column":3}},"line":40},"3":{"name":"(anonymous_3)","decl":{"start":{"line":57,"column":20},"end":{"line":57,"column":21}},"loc":{"start":{"line":57,"column":38},"end":{"line":63,"column":5}},"line":57},"4":{"name":"(anonymous_4)","decl":{"start":{"line":66,"column":10},"end":{"line":66,"column":11}},"loc":{"start":{"line":66,"column":36},"end":{"line":69,"column":3}},"line":66},"5":{"name":"(anonymous_5)","decl":{"start":{"line":71,"column":10},"end":{"line":71,"column":11}},"loc":{"start":{"line":71,"column":37},"end":{"line":83,"column":3}},"line":71},"6":{"name":"(anonymous_6)","decl":{"start":{"line":85,"column":15},"end":{"line":85,"column":16}},"loc":{"start":{"line":85,"column":40},"end":{"line":98,"column":3}},"line":85},"7":{"name":"(anonymous_7)","decl":{"start":{"line":100,"column":23},"end":{"line":100,"column":24}},"loc":{"start":{"line":100,"column":45},"end":{"line":134,"column":3}},"line":100},"8":{"name":"(anonymous_8)","decl":{"start":{"line":127,"column":30},"end":{"line":127,"column":31}},"loc":{"start":{"line":127,"column":48},"end":{"line":133,"column":5}},"line":127},"9":{"name":"(anonymous_9)","decl":{"start":{"line":136,"column":23},"end":{"line":136,"column":24}},"loc":{"start":{"line":136,"column":37},"end":{"line":161,"column":3}},"line":136},"10":{"name":"(anonymous_10)","decl":{"start":{"line":154,"column":20},"end":{"line":154,"column":21}},"loc":{"start":{"line":154,"column":38},"end":{"line":160,"column":5}},"line":154},"11":{"name":"(anonymous_11)","decl":{"start":{"line":163,"column":15},"end":{"line":163,"column":16}},"loc":{"start":{"line":163,"column":38},"end":{"line":179,"column":3}},"line":163},"12":{"name":"(anonymous_12)","decl":{"start":{"line":165,"column":31},"end":{"line":165,"column":32}},"loc":{"start":{"line":165,"column":48},"end":{"line":178,"column":5}},"line":165}},"branchMap":{"0":{"loc":{"start":{"line":32,"column":6},"end":{"line":35,"column":7}},"type":"if","locations":[{"start":{"line":32,"column":6},"end":{"line":35,"column":7}},{"start":{},"end":{}}],"line":32},"1":{"loc":{"start":{"line":58,"column":6},"end":{"line":61,"column":7}},"type":"if","locations":[{"start":{"line":58,"column":6},"end":{"line":61,"column":7}},{"start":{},"end":{}}],"line":58},"2":{"loc":{"start":{"line":128,"column":6},"end":{"line":131,"column":7}},"type":"if","locations":[{"start":{"line":128,"column":6},"end":{"line":131,"column":7}},{"start":{},"end":{}}],"line":128},"3":{"loc":{"start":{"line":155,"column":6},"end":{"line":158,"column":7}},"type":"if","locations":[{"start":{"line":155,"column":6},"end":{"line":158,"column":7}},{"start":{},"end":{}}],"line":155},"4":{"loc":{"start":{"line":166,"column":6},"end":{"line":169,"column":7}},"type":"if","locations":[{"start":{"line":166,"column":6},"end":{"line":169,"column":7}},{"start":{},"end":{}}],"line":166},"5":{"loc":{"start":{"line":172,"column":6},"end":{"line":174,"column":7}},"type":"if","locations":[{"start":{"line":172,"column":6},"end":{"line":174,"column":7}},{"start":{},"end":{}}],"line":172}},"s":{"0":2,"1":2,"2":0,"3":0,"4":0,"5":0,"6":0,"7":0,"8":1,"9":1,"10":1,"11":0,"12":0,"13":1,"14":2,"15":2,"16":1,"17":1,"18":1,"19":1,"20":1,"21":1,"22":1,"23":0,"24":0,"25":1,"26":0,"27":0,"28":0,"29":0,"30":0,"31":0,"32":2,"33":2,"34":2,"35":0,"36":0,"37":2,"38":1,"39":1,"40":1,"41":2},"f":{"0":0,"1":0,"2":1,"3":1,"4":2,"5":1,"6":1,"7":1,"8":1,"9":0,"10":0,"11":2,"12":2},"b":{"0":[0,0],"1":[0,1],"2":[0,1],"3":[0,0],"4":[0,2],"5":[1,1]},"_coverageSchema":"1a1c01bbd47fc00a2c39e90264f33305004495a9","hash":"2281c0adabeb9a3e06fcb1ad48fbbd0fad0c1d1c"}
,"C:\\Users\\rebek\\OneDrive\\Dokumenti\\1LETNIK_MAG\\RIRS\\RIRS-individual\\RIRS\\backend\\models\\userModel.js": {"path":"C:\\Users\\rebek\\OneDrive\\Dokumenti\\1LETNIK_MAG\\RIRS\\RIRS-individual\\RIRS\\backend\\models\\userModel.js","statementMap":{"0":{"start":{"line":1,"column":11},"end":{"line":1,"column":27}},"1":{"start":{"line":3,"column":13},"end":{"line":47,"column":1}},"2":{"start":{"line":5,"column":18},"end":{"line":5,"column":117}},"3":{"start":{"line":6,"column":4},"end":{"line":10,"column":6}},"4":{"start":{"line":14,"column":18},"end":{"line":14,"column":84}},"5":{"start":{"line":15,"column":4},"end":{"line":21,"column":7}},"6":{"start":{"line":16,"column":6},"end":{"line":19,"column":7}},"7":{"start":{"line":17,"column":8},"end":{"line":17,"column":46}},"8":{"start":{"line":18,"column":8},"end":{"line":18,"column":35}},"9":{"start":{"line":20,"column":6},"end":{"line":20,"column":35}},"10":{"start":{"line":25,"column":18},"end":{"line":25,"column":60}},"11":{"start":{"line":26,"column":4},"end":{"line":32,"column":7}},"12":{"start":{"line":27,"column":6},"end":{"line":30,"column":7}},"13":{"start":{"line":28,"column":8},"end":{"line":28,"column":56}},"14":{"start":{"line":29,"column":8},"end":{"line":29,"column":35}},"15":{"start":{"line":31,"column":6},"end":{"line":31,"column":35}},"16":{"start":{"line":36,"column":18},"end":{"line":36,"column":98}},"17":{"start":{"line":37,"column":4},"end":{"line":40,"column":7}},"18":{"start":{"line":38,"column":6},"end":{"line":38,"column":36}},"19":{"start":{"line":38,"column":15},"end":{"line":38,"column":36}},"20":{"start":{"line":39,"column":6},"end":{"line":39,"column":38}},"21":{"start":{"line":44,"column":18},"end":{"line":44,"column":77}},"22":{"start":{"line":45,"column":4},"end":{"line":45,"column":55}},"23":{"start":{"line":49,"column":0},"end":{"line":49,"column":22}}},"fnMap":{"0":{"name":"(anonymous_0)","decl":{"start":{"line":4,"column":10},"end":{"line":4,"column":11}},"loc":{"start":{"line":4,"column":34},"end":{"line":11,"column":3}},"line":4},"1":{"name":"(anonymous_1)","decl":{"start":{"line":13,"column":10},"end":{"line":13,"column":11}},"loc":{"start":{"line":13,"column":24},"end":{"line":22,"column":3}},"line":13},"2":{"name":"(anonymous_2)","decl":{"start":{"line":15,"column":20},"end":{"line":15,"column":21}},"loc":{"start":{"line":15,"column":38},"end":{"line":21,"column":5}},"line":15},"3":{"name":"(anonymous_3)","decl":{"start":{"line":24,"column":15},"end":{"line":24,"column":16}},"loc":{"start":{"line":24,"column":36},"end":{"line":33,"column":3}},"line":24},"4":{"name":"(anonymous_4)","decl":{"start":{"line":26,"column":29},"end":{"line":26,"column":30}},"loc":{"start":{"line":26,"column":47},"end":{"line":32,"column":5}},"line":26},"5":{"name":"(anonymous_5)","decl":{"start":{"line":35,"column":12},"end":{"line":35,"column":13}},"loc":{"start":{"line":35,"column":30},"end":{"line":41,"column":3}},"line":35},"6":{"name":"(anonymous_6)","decl":{"start":{"line":37,"column":26},"end":{"line":37,"column":27}},"loc":{"start":{"line":37,"column":44},"end":{"line":40,"column":5}},"line":37},"7":{"name":"(anonymous_7)","decl":{"start":{"line":43,"column":10},"end":{"line":43,"column":11}},"loc":{"start":{"line":43,"column":47},"end":{"line":46,"column":3}},"line":43}},"branchMap":{"0":{"loc":{"start":{"line":16,"column":6},"end":{"line":19,"column":7}},"type":"if","locations":[{"start":{"line":16,"column":6},"end":{"line":19,"column":7}},{"start":{},"end":{}}],"line":16},"1":{"loc":{"start":{"line":27,"column":6},"end":{"line":30,"column":7}},"type":"if","locations":[{"start":{"line":27,"column":6},"end":{"line":30,"column":7}},{"start":{},"end":{}}],"line":27},"2":{"loc":{"start":{"line":38,"column":6},"end":{"line":38,"column":36}},"type":"if","locations":[{"start":{"line":38,"column":6},"end":{"line":38,"column":36}},{"start":{},"end":{}}],"line":38}},"s":{"0":1,"1":1,"2":0,"3":0,"4":0,"5":0,"6":0,"7":0,"8":0,"9":0,"10":0,"11":0,"12":0,"13":0,"14":0,"15":0,"16":0,"17":0,"18":0,"19":0,"20":0,"21":0,"22":0,"23":1},"f":{"0":0,"1":0,"2":0,"3":0,"4":0,"5":0,"6":0,"7":0},"b":{"0":[0,0],"1":[0,0],"2":[0,0]},"_coverageSchema":"1a1c01bbd47fc00a2c39e90264f33305004495a9","hash":"bb68121ae474ec63ef8b22f221fdc6b4cbc23b69"}
,"C:\\Users\\rebek\\OneDrive\\Dokumenti\\1LETNIK_MAG\\RIRS\\RIRS-individual\\RIRS\\backend\\routes\\requestRoutes.js": {"path":"C:\\Users\\rebek\\OneDrive\\Dokumenti\\1LETNIK_MAG\\RIRS\\RIRS-individual\\RIRS\\backend\\routes\\requestRoutes.js","statementMap":{"0":{"start":{"line":1,"column":16},"end":{"line":1,"column":34}},"1":{"start":{"line":2,"column":15},"end":{"line":2,"column":31}},"2":{"start":{"line":3,"column":26},"end":{"line":3,"column":69}},"3":{"start":{"line":4,"column":20},"end":{"line":4,"column":56}},"4":{"start":{"line":6,"column":0},"end":{"line":6,"column":57}},"5":{"start":{"line":7,"column":0},"end":{"line":7,"column":55}},"6":{"start":{"line":8,"column":0},"end":{"line":8,"column":58}},"7":{"start":{"line":9,"column":0},"end":{"line":9,"column":79}},"8":{"start":{"line":10,"column":0},"end":{"line":10,"column":76}},"9":{"start":{"line":11,"column":0},"end":{"line":13,"column":3}},"10":{"start":{"line":12,"column":2},"end":{"line":12,"column":67}},"11":{"start":{"line":14,"column":0},"end":{"line":23,"column":2}},"12":{"start":{"line":17,"column":4},"end":{"line":19,"column":5}},"13":{"start":{"line":18,"column":6},"end":{"line":18,"column":71}},"14":{"start":{"line":20,"column":4},"end":{"line":20,"column":11}},"15":{"start":{"line":24,"column":0},"end":{"line":24,"column":24}}},"fnMap":{"0":{"name":"(anonymous_0)","decl":{"start":{"line":11,"column":24},"end":{"line":11,"column":25}},"loc":{"start":{"line":11,"column":39},"end":{"line":13,"column":1}},"line":11},"1":{"name":"(anonymous_1)","decl":{"start":{"line":16,"column":2},"end":{"line":16,"column":3}},"loc":{"start":{"line":16,"column":22},"end":{"line":21,"column":3}},"line":16}},"branchMap":{"0":{"loc":{"start":{"line":17,"column":4},"end":{"line":19,"column":5}},"type":"if","locations":[{"start":{"line":17,"column":4},"end":{"line":19,"column":5}},{"start":{},"end":{}}],"line":17}},"s":{"0":2,"1":2,"2":2,"3":2,"4":2,"5":2,"6":2,"7":2,"8":2,"9":2,"10":1,"11":2,"12":2,"13":0,"14":2,"15":2},"f":{"0":1,"1":2},"b":{"0":[0,2]},"_coverageSchema":"1a1c01bbd47fc00a2c39e90264f33305004495a9","hash":"8a30abd63a234c29852d3e134ab2e91ac3e03d0e"}
,"C:\\Users\\rebek\\OneDrive\\Dokumenti\\1LETNIK_MAG\\RIRS\\RIRS-individual\\RIRS\\backend\\routes\\userRoutes.js": {"path":"C:\\Users\\rebek\\OneDrive\\Dokumenti\\1LETNIK_MAG\\RIRS\\RIRS-individual\\RIRS\\backend\\routes\\userRoutes.js","statementMap":{"0":{"start":{"line":1,"column":16},"end":{"line":1,"column":34}},"1":{"start":{"line":2,"column":15},"end":{"line":2,"column":31}},"2":{"start":{"line":3,"column":23},"end":{"line":3,"column":63}},"3":{"start":{"line":4,"column":26},"end":{"line":4,"column":69}},"4":{"start":{"line":5,"column":20},"end":{"line":5,"column":56}},"5":{"start":{"line":7,"column":0},"end":{"line":7,"column":46}},"6":{"start":{"line":8,"column":0},"end":{"line":8,"column":44}},"7":{"start":{"line":9,"column":0},"end":{"line":9,"column":48}},"8":{"start":{"line":10,"column":0},"end":{"line":10,"column":69}},"9":{"start":{"line":11,"column":0},"end":{"line":11,"column":61}},"10":{"start":{"line":12,"column":0},"end":{"line":12,"column":70}},"11":{"start":{"line":13,"column":0},"end":{"line":13,"column":24}}},"fnMap":{},"branchMap":{},"s":{"0":2,"1":2,"2":2,"3":2,"4":2,"5":2,"6":2,"7":2,"8":2,"9":2,"10":2,"11":2},"f":{},"b":{},"_coverageSchema":"1a1c01bbd47fc00a2c39e90264f33305004495a9","hash":"9558d2f201b3cfa7a1832b6bd45c33a2f8041f23"}
}
