TN:
SF:db.js
FN:19,(anonymous_0)
FN:22,(anonymous_1)
FNF:2
FNH:1
FNDA:2,(anonymous_0)
FNDA:0,(anonymous_1)
DA:1,2
DA:2,2
DA:4,2
DA:6,2
DA:18,2
DA:20,2
DA:23,0
DA:26,2
LF:8
LH:7
BRF:0
BRH:0
end_of_record
TN:
SF:server.js
FN:26,(anonymous_0)
FNF:1
FNH:0
FNDA:0,(anonymous_0)
DA:1,2
DA:2,2
DA:3,2
DA:4,2
DA:5,2
DA:6,2
DA:8,2
DA:10,2
DA:16,2
DA:19,2
DA:20,2
DA:22,2
DA:24,2
DA:25,0
DA:26,0
DA:27,0
LF:16
LH:13
BRDA:24,0,0,0
BRDA:24,0,1,2
BRDA:25,1,0,0
BRDA:25,1,1,0
BRF:4
BRH:1
end_of_record
TN:
SF:controllers\requestController.js
FN:3,(anonymous_0)
FN:4,(anonymous_1)
FN:12,(anonymous_2)
FN:21,(anonymous_3)
FN:36,(anonymous_4)
FN:48,(anonymous_5)
FN:56,(anonymous_6)
FN:65,(anonymous_7)
FN:79,(anonymous_8)
FN:80,(anonymous_9)
FN:90,(anonymous_10)
FN:93,(anonymous_11)
FN:102,(anonymous_12)
FN:103,(anonymous_13)
FN:113,(anonymous_14)
FN:121,(anonymous_15)
FNF:16
FNH:12
FNDA:0,(anonymous_0)
FNDA:0,(anonymous_1)
FNDA:2,(anonymous_2)
FNDA:2,(anonymous_3)
FNDA:1,(anonymous_4)
FNDA:1,(anonymous_5)
FNDA:1,(anonymous_6)
FNDA:1,(anonymous_7)
FNDA:1,(anonymous_8)
FNDA:1,(anonymous_9)
FNDA:1,(anonymous_10)
FNDA:1,(anonymous_11)
FNDA:0,(anonymous_12)
FNDA:0,(anonymous_13)
FNDA:2,(anonymous_14)
FNDA:2,(anonymous_15)
DA:1,2
DA:3,2
DA:4,0
DA:5,0
DA:6,0
DA:8,0
DA:12,2
DA:13,2
DA:15,2
DA:16,0
DA:21,2
DA:22,2
DA:23,0
DA:28,2
DA:29,0
DA:32,2
DA:36,2
DA:37,1
DA:38,1
DA:39,1
DA:41,1
DA:48,1
DA:49,1
DA:50,0
DA:51,0
DA:54,1
DA:56,1
DA:57,1
DA:65,1
DA:66,1
DA:67,0
DA:72,1
DA:75,0
DA:76,0
DA:79,2
DA:80,1
DA:81,1
DA:82,0
DA:86,1
DA:90,2
DA:91,1
DA:93,1
DA:94,1
DA:95,0
DA:99,1
DA:102,2
DA:103,0
DA:104,0
DA:105,0
DA:109,0
DA:113,2
DA:114,2
DA:115,2
DA:117,2
DA:118,0
DA:121,2
DA:122,2
DA:124,1
DA:125,1
DA:126,1
DA:128,0
DA:129,0
DA:132,1
DA:133,0
DA:136,1
LF:65
LH:43
BRDA:5,0,0,0
BRDA:5,0,1,0
BRDA:15,1,0,0
BRDA:15,1,1,2
BRDA:15,2,0,2
BRDA:15,2,1,2
BRDA:22,3,0,0
BRDA:22,3,1,2
BRDA:28,4,0,0
BRDA:28,4,1,2
BRDA:49,5,0,0
BRDA:49,5,1,1
BRDA:66,6,0,0
BRDA:66,6,1,1
BRDA:81,7,0,0
BRDA:81,7,1,1
BRDA:94,8,0,0
BRDA:94,8,1,1
BRDA:104,9,0,0
BRDA:104,9,1,0
BRDA:117,10,0,0
BRDA:117,10,1,2
BRDA:122,11,0,1
BRDA:122,11,1,1
BRDA:124,12,0,1
BRDA:124,12,1,0
BRDA:124,13,0,1
BRDA:124,13,1,1
BRDA:132,14,0,0
BRDA:132,14,1,1
BRF:30
BRH:16
end_of_record
TN:
SF:controllers\userController.js
FN:5,(anonymous_0)
FN:30,(anonymous_1)
FN:32,(anonymous_2)
FN:48,(anonymous_3)
FN:52,(anonymous_4)
FN:92,(anonymous_5)
FN:110,(anonymous_6)
FNF:7
FNH:5
FNDA:4,(anonymous_0)
FNDA:1,(anonymous_1)
FNDA:1,(anonymous_2)
FNDA:2,(anonymous_3)
FNDA:2,(anonymous_4)
FNDA:0,(anonymous_5)
FNDA:0,(anonymous_6)
DA:1,2
DA:2,2
DA:3,2
DA:5,2
DA:6,4
DA:7,4
DA:8,4
DA:9,4
DA:10,3
DA:13,1
DA:14,1
DA:21,1
DA:25,0
DA:26,0
DA:30,2
DA:31,1
DA:32,1
DA:33,1
DA:34,0
DA:35,0
DA:37,1
DA:38,0
DA:40,1
DA:43,0
DA:44,0
DA:48,2
DA:49,2
DA:51,2
DA:52,2
DA:53,2
DA:54,0
DA:55,0
DA:58,2
DA:59,0
DA:62,2
DA:64,2
DA:66,2
DA:67,1
DA:70,1
DA:82,1
DA:87,0
DA:88,0
DA:92,2
DA:93,0
DA:94,0
DA:97,0
DA:98,0
DA:99,0
DA:100,0
DA:102,0
DA:103,0
DA:105,0
DA:106,0
DA:110,2
DA:111,0
DA:113,0
DA:114,0
DA:115,0
DA:116,0
DA:119,0
DA:120,0
DA:121,0
DA:123,0
DA:128,0
DA:129,0
LF:65
LH:32
BRDA:9,0,0,3
BRDA:9,0,1,1
BRDA:33,1,0,0
BRDA:33,1,1,1
BRDA:37,2,0,0
BRDA:37,2,1,1
BRDA:37,3,0,1
BRDA:37,3,1,1
BRDA:53,4,0,0
BRDA:53,4,1,2
BRDA:58,5,0,0
BRDA:58,5,1,2
BRDA:66,6,0,1
BRDA:66,6,1,1
BRDA:93,7,0,0
BRDA:93,7,1,0
BRDA:99,8,0,0
BRDA:99,8,1,0
BRDA:115,9,0,0
BRDA:115,9,1,0
BRDA:119,10,0,0
BRDA:119,10,1,0
BRF:22
BRH:10
end_of_record
TN:
SF:middleware\verifyToken.js
FN:3,(anonymous_0)
FN:7,(anonymous_1)
FNF:2
FNH:1
FNDA:2,(anonymous_0)
FNDA:0,(anonymous_1)
DA:1,1
DA:3,1
DA:4,2
DA:5,2
DA:7,0
DA:8,0
DA:9,0
DA:10,0
DA:14,1
LF:9
LH:5
BRDA:5,0,0,2
BRDA:5,0,1,0
BRDA:8,1,0,0
BRDA:8,1,1,0
BRF:4
BRH:1
end_of_record
TN:
SF:models\requestModel.js
FN:4,(anonymous_0)
FN:31,(anonymous_1)
FN:40,(anonymous_2)
FN:57,(anonymous_3)
FN:66,(anonymous_4)
FN:71,(anonymous_5)
FN:85,(anonymous_6)
FN:100,(anonymous_7)
FN:127,(anonymous_8)
FN:136,(anonymous_9)
FN:154,(anonymous_10)
FN:163,(anonymous_11)
FN:165,(anonymous_12)
FNF:13
FNH:9
FNDA:0,(anonymous_0)
FNDA:0,(anonymous_1)
FNDA:1,(anonymous_2)
FNDA:1,(anonymous_3)
FNDA:2,(anonymous_4)
FNDA:1,(anonymous_5)
FNDA:1,(anonymous_6)
FNDA:1,(anonymous_7)
FNDA:1,(anonymous_8)
FNDA:0,(anonymous_9)
FNDA:0,(anonymous_10)
FNDA:2,(anonymous_11)
FNDA:2,(anonymous_12)
DA:1,2
DA:3,2
DA:5,0
DA:31,0
DA:32,0
DA:33,0
DA:34,0
DA:36,0
DA:41,1
DA:57,1
DA:58,1
DA:59,0
DA:60,0
DA:62,1
DA:67,2
DA:68,2
DA:72,1
DA:73,1
DA:86,1
DA:87,1
DA:101,1
DA:127,1
DA:128,1
DA:129,0
DA:130,0
DA:132,1
DA:137,0
DA:154,0
DA:155,0
DA:156,0
DA:157,0
DA:159,0
DA:164,2
DA:165,2
DA:166,2
DA:167,0
DA:168,0
DA:172,2
DA:173,1
DA:176,1
DA:177,1
DA:182,2
LF:42
LH:24
BRDA:32,0,0,0
BRDA:32,0,1,0
BRDA:58,1,0,0
BRDA:58,1,1,1
BRDA:128,2,0,0
BRDA:128,2,1,1
BRDA:155,3,0,0
BRDA:155,3,1,0
BRDA:166,4,0,0
BRDA:166,4,1,2
BRDA:172,5,0,1
BRDA:172,5,1,1
BRF:12
BRH:5
end_of_record
TN:
SF:models\userModel.js
FN:4,(anonymous_0)
FN:13,(anonymous_1)
FN:15,(anonymous_2)
FN:24,(anonymous_3)
FN:26,(anonymous_4)
FN:35,(anonymous_5)
FN:37,(anonymous_6)
FN:43,(anonymous_7)
FNF:8
FNH:0
FNDA:0,(anonymous_0)
FNDA:0,(anonymous_1)
FNDA:0,(anonymous_2)
FNDA:0,(anonymous_3)
FNDA:0,(anonymous_4)
FNDA:0,(anonymous_5)
FNDA:0,(anonymous_6)
FNDA:0,(anonymous_7)
DA:1,1
DA:3,1
DA:5,0
DA:6,0
DA:14,0
DA:15,0
DA:16,0
DA:17,0
DA:18,0
DA:20,0
DA:25,0
DA:26,0
DA:27,0
DA:28,0
DA:29,0
DA:31,0
DA:36,0
DA:37,0
DA:38,0
DA:39,0
DA:44,0
DA:45,0
DA:49,1
LF:23
LH:3
BRDA:16,0,0,0
BRDA:16,0,1,0
BRDA:27,1,0,0
BRDA:27,1,1,0
BRDA:38,2,0,0
BRDA:38,2,1,0
BRF:6
BRH:0
end_of_record
TN:
SF:routes\requestRoutes.js
FN:11,(anonymous_0)
FN:16,(anonymous_1)
FNF:2
FNH:2
FNDA:1,(anonymous_0)
FNDA:2,(anonymous_1)
DA:1,2
DA:2,2
DA:3,2
DA:4,2
DA:6,2
DA:7,2
DA:8,2
DA:9,2
DA:10,2
DA:11,2
DA:12,1
DA:14,2
DA:17,2
DA:18,0
DA:20,2
DA:24,2
LF:16
LH:15
BRDA:17,0,0,0
BRDA:17,0,1,2
BRF:2
BRH:1
end_of_record
TN:
SF:routes\userRoutes.js
FNF:0
FNH:0
DA:1,2
DA:2,2
DA:3,2
DA:4,2
DA:5,2
DA:7,2
DA:8,2
DA:9,2
DA:10,2
DA:11,2
DA:12,2
DA:13,2
LF:12
LH:12
BRF:0
BRH:0
end_of_record
