TN:
SF:db.js
FN:14,(anonymous_0)
FNF:1
FNH:1
FNDA:2,(anonymous_0)
DA:1,2
DA:2,2
DA:4,2
DA:5,2
DA:6,2
DA:14,2
DA:15,2
DA:16,0
DA:18,2
DA:22,2
LF:10
LH:9
BRDA:15,0,0,0
BRDA:15,0,1,2
BRF:2
BRH:1
end_of_record
TN:
SF:server.js
FN:26,(anonymous_0)
FNF:1
FNH:0
FNDA:0,(anonymous_0)
DA:1,2
DA:2,2
DA:3,2
DA:4,2
DA:5,2
DA:6,2
DA:8,2
DA:10,2
DA:16,2
DA:19,2
DA:20,2
DA:22,2
DA:24,2
DA:25,0
DA:26,0
DA:27,0
LF:16
LH:13
BRDA:24,0,0,0
BRDA:24,0,1,2
BRDA:25,1,0,0
BRDA:25,1,1,0
BRF:4
BRH:1
end_of_record
TN:
SF:controllers\requestController.js
FN:3,(anonymous_0)
FN:4,(anonymous_1)
FN:12,(anonymous_2)
FN:21,(anonymous_3)
FN:36,(anonymous_4)
FN:48,(anonymous_5)
FN:56,(anonymous_6)
FN:65,(anonymous_7)
FN:79,(anonymous_8)
FN:80,(anonymous_9)
FN:90,(anonymous_10)
FN:93,(anonymous_11)
FN:102,(anonymous_12)
FN:103,(anonymous_13)
FNF:14
FNH:10
FNDA:0,(anonymous_0)
FNDA:0,(anonymous_1)
FNDA:2,(anonymous_2)
FNDA:2,(anonymous_3)
FNDA:1,(anonymous_4)
FNDA:1,(anonymous_5)
FNDA:1,(anonymous_6)
FNDA:1,(anonymous_7)
FNDA:1,(anonymous_8)
FNDA:1,(anonymous_9)
FNDA:1,(anonymous_10)
FNDA:1,(anonymous_11)
FNDA:0,(anonymous_12)
FNDA:0,(anonymous_13)
DA:1,2
DA:3,2
DA:4,0
DA:5,0
DA:6,0
DA:8,0
DA:12,2
DA:13,2
DA:15,2
DA:16,0
DA:21,2
DA:22,2
DA:23,0
DA:28,2
DA:29,0
DA:32,2
DA:36,2
DA:37,1
DA:38,1
DA:39,1
DA:41,1
DA:48,1
DA:49,1
DA:50,0
DA:51,0
DA:54,1
DA:56,1
DA:57,1
DA:65,1
DA:66,1
DA:67,0
DA:72,1
DA:75,0
DA:76,0
DA:79,2
DA:80,1
DA:81,1
DA:82,0
DA:86,1
DA:90,2
DA:91,1
DA:93,1
DA:94,1
DA:95,0
DA:99,1
DA:102,2
DA:103,0
DA:104,0
DA:105,0
DA:109,0
LF:50
LH:32
BRDA:5,0,0,0
BRDA:5,0,1,0
BRDA:15,1,0,0
BRDA:15,1,1,2
BRDA:15,2,0,2
BRDA:15,2,1,2
BRDA:22,3,0,0
BRDA:22,3,1,2
BRDA:28,4,0,0
BRDA:28,4,1,2
BRDA:49,5,0,0
BRDA:49,5,1,1
BRDA:66,6,0,0
BRDA:66,6,1,1
BRDA:81,7,0,0
BRDA:81,7,1,1
BRDA:94,8,0,0
BRDA:94,8,1,1
BRDA:104,9,0,0
BRDA:104,9,1,0
BRF:20
BRH:9
end_of_record
TN:
SF:controllers\userController.js
FN:5,(anonymous_0)
FN:29,(anonymous_1)
FN:31,(anonymous_2)
FN:47,(anonymous_3)
FN:51,(anonymous_4)
FN:91,(anonymous_5)
FN:105,(anonymous_6)
FN:109,(anonymous_7)
FN:119,(anonymous_8)
FNF:9
FNH:5
FNDA:2,(anonymous_0)
FNDA:1,(anonymous_1)
FNDA:1,(anonymous_2)
FNDA:2,(anonymous_3)
FNDA:2,(anonymous_4)
FNDA:0,(anonymous_5)
FNDA:0,(anonymous_6)
FNDA:0,(anonymous_7)
FNDA:0,(anonymous_8)
DA:1,2
DA:2,2
DA:3,2
DA:5,2
DA:6,2
DA:7,2
DA:8,2
DA:9,2
DA:10,1
DA:13,1
DA:14,1
DA:21,1
DA:25,0
DA:29,2
DA:30,1
DA:31,1
DA:32,1
DA:33,0
DA:34,0
DA:36,1
DA:37,0
DA:39,1
DA:42,0
DA:43,0
DA:47,2
DA:48,2
DA:50,2
DA:51,2
DA:52,2
DA:53,0
DA:54,0
DA:57,2
DA:58,0
DA:61,2
DA:63,2
DA:65,2
DA:66,1
DA:69,1
DA:81,1
DA:86,0
DA:87,0
DA:91,2
DA:92,0
DA:93,0
DA:94,0
DA:95,0
DA:97,0
DA:98,0
DA:100,0
DA:101,0
DA:105,2
DA:106,0
DA:108,0
DA:109,0
DA:110,0
DA:111,0
DA:112,0
DA:114,0
DA:115,0
DA:118,0
DA:119,0
DA:120,0
DA:121,0
DA:122,0
DA:127,0
DA:134,0
DA:135,0
LF:67
LH:32
BRDA:9,0,0,1
BRDA:9,0,1,1
BRDA:32,1,0,0
BRDA:32,1,1,1
BRDA:36,2,0,0
BRDA:36,2,1,1
BRDA:36,3,0,1
BRDA:36,3,1,1
BRDA:52,4,0,0
BRDA:52,4,1,2
BRDA:57,5,0,0
BRDA:57,5,1,2
BRDA:65,6,0,1
BRDA:65,6,1,1
BRDA:94,7,0,0
BRDA:94,7,1,0
BRDA:110,8,0,0
BRDA:110,8,1,0
BRDA:114,9,0,0
BRDA:114,9,1,0
BRDA:118,10,0,0
BRDA:118,10,1,0
BRDA:120,11,0,0
BRDA:120,11,1,0
BRF:24
BRH:10
end_of_record
TN:
SF:middleware\verifyToken.js
FN:3,(anonymous_0)
FN:7,(anonymous_1)
FNF:2
FNH:0
FNDA:0,(anonymous_0)
FNDA:0,(anonymous_1)
DA:1,1
DA:3,1
DA:4,0
DA:5,0
DA:7,0
DA:8,0
DA:9,0
DA:10,0
DA:14,1
LF:9
LH:3
BRDA:5,0,0,0
BRDA:5,0,1,0
BRDA:8,1,0,0
BRDA:8,1,1,0
BRF:4
BRH:0
end_of_record
TN:
SF:models\requestModel.js
FN:4,(anonymous_0)
FN:32,(anonymous_1)
FN:52,(anonymous_2)
FN:57,(anonymous_3)
FN:71,(anonymous_4)
FN:85,(anonymous_5)
FN:113,(anonymous_6)
FNF:7
FNH:5
FNDA:0,(anonymous_0)
FNDA:1,(anonymous_1)
FNDA:2,(anonymous_2)
FNDA:1,(anonymous_3)
FNDA:1,(anonymous_4)
FNDA:1,(anonymous_5)
FNDA:0,(anonymous_6)
DA:1,2
DA:3,2
DA:5,0
DA:29,0
DA:33,1
DA:49,1
DA:53,2
DA:54,2
DA:58,1
DA:59,1
DA:72,1
DA:73,1
DA:86,1
DA:111,1
DA:114,0
DA:131,0
DA:135,2
LF:17
LH:13
BRF:0
BRH:0
end_of_record
TN:
SF:models\userModel.js
FN:4,(anonymous_0)
FN:13,(anonymous_1)
FN:15,(anonymous_2)
FN:23,(anonymous_3)
FN:25,(anonymous_4)
FN:34,(anonymous_5)
FN:36,(anonymous_6)
FN:42,(anonymous_7)
FNF:8
FNH:0
FNDA:0,(anonymous_0)
FNDA:0,(anonymous_1)
FNDA:0,(anonymous_2)
FNDA:0,(anonymous_3)
FNDA:0,(anonymous_4)
FNDA:0,(anonymous_5)
FNDA:0,(anonymous_6)
FNDA:0,(anonymous_7)
DA:1,1
DA:3,1
DA:5,0
DA:6,0
DA:14,0
DA:15,0
DA:16,0
DA:17,0
DA:18,0
DA:20,0
DA:24,0
DA:25,0
DA:26,0
DA:27,0
DA:28,0
DA:30,0
DA:35,0
DA:36,0
DA:37,0
DA:38,0
DA:43,0
DA:44,0
DA:48,1
LF:23
LH:3
BRDA:16,0,0,0
BRDA:16,0,1,0
BRDA:26,1,0,0
BRDA:26,1,1,0
BRDA:37,2,0,0
BRDA:37,2,1,0
BRF:6
BRH:0
end_of_record
TN:
SF:routes\requestRoutes.js
FNF:0
FNH:0
DA:1,2
DA:2,2
DA:3,2
DA:4,2
DA:6,2
DA:7,2
DA:8,2
DA:9,2
DA:10,2
DA:11,2
LF:10
LH:10
BRF:0
BRH:0
end_of_record
TN:
SF:routes\userRoutes.js
FNF:0
FNH:0
DA:1,2
DA:2,2
DA:3,2
DA:4,2
DA:5,2
DA:7,2
DA:8,2
DA:9,2
DA:10,2
DA:11,2
DA:12,2
DA:13,2
LF:12
LH:12
BRF:0
BRH:0
end_of_record
